[2020-11-23 19:29:32,615] multiqc                                            [DEBUG  ]  No MultiQC config found: /mnt/h/anaconda3/envs/fastqc/lib/python3.6/site-packages/multiqc_config.yaml
[2020-11-23 19:29:32,615] multiqc                                            [DEBUG  ]  No MultiQC config found: /home/gabo/.multiqc_config.yaml
[2020-11-23 19:29:32,615] multiqc                                            [DEBUG  ]  No MultiQC config found: multiqc_config.yaml
[2020-11-23 19:29:32,615] multiqc                                            [DEBUG  ]  Command used: /mnt/h/anaconda3/envs/fastqc/bin/multiqc ./fastqc-trimmed/
[2020-11-23 19:29:34,839] multiqc                                            [DEBUG  ]  Latest MultiQC version is v1.9
[2020-11-23 19:29:34,839] multiqc                                            [INFO   ]  This is MultiQC v1.9
[2020-11-23 19:29:34,839] multiqc                                            [DEBUG  ]  Command     : /mnt/h/anaconda3/envs/fastqc/bin/multiqc ./fastqc-trimmed/
[2020-11-23 19:29:34,839] multiqc                                            [DEBUG  ]  Working dir : /mnt/e/Desafio Genomica
[2020-11-23 19:29:34,839] multiqc                                            [INFO   ]  Template    : default
[2020-11-23 19:29:34,841] multiqc                                            [DEBUG  ]  Running Python 3.6.11 | packaged by conda-forge | (default, Aug  5 2020, 20:09:42)  [GCC 7.5.0]
[2020-11-23 19:29:34,841] multiqc                                            [INFO   ]  Searching   : /mnt/e/Desafio Genomica/fastqc-trimmed
[2020-11-23 19:29:34,841] multiqc                                            [DEBUG  ]  Analysing modules: custom_content, conpair, peddy, somalier, methylQA, mosdepth, phantompeakqualtools, qualimap, preseq, quast, qorts, rna_seqc, rockhopper, rsem, rseqc, busco, goleft_indexcov, disambiguate, supernova, deeptools, sargasso, verifybamid, mirtrace, happy, mirtop, homer, macs2, theta2, snpeff, gatk, htseq, bcftools, featureCounts, fgbio, dragen, dedup, damageprofiler, biobambam2, mtnucratio, picard, prokka, samblaster, samtools, sexdeterrmine, bamtools, jellyfish, vcftools, longranger, stacks, varscan2, bbmap, bismark, biscuit, hicexplorer, hicup, hicpro, salmon, kallisto, slamdunk, star, hisat2, tophat, bowtie2, bowtie1, snpsplit, kat, leehom, adapterRemoval, clipandmerge, cutadapt, flexbar, kaiju, kraken, malt, trimmomatic, sickle, skewer, sortmerna, biobloomtools, fastq_screen, afterqc, fastp, fastqc, pycoqc, minionqc, multivcfanalyzer, clusterflow, bcl2fastq, interop, ivar, flash, seqyclean
[2020-11-23 19:29:34,841] multiqc                                            [DEBUG  ]  Using temporary directory for creating report: /tmp/tmpwv7_bt2a
[2020-11-23 19:29:35,322] multiqc                                            [DEBUG  ]  File ignored by hicexplorer because it exceeded search pattern filesize limit: BC-0345795864.raw__raw_reads.read_1_val_1_fastqc.html
[2020-11-23 19:29:35,326] multiqc                                            [DEBUG  ]  File ignored by longranger/invocation because it exceeded search pattern filesize limit: BC-0345795864.raw__raw_reads.read_1_val_1_fastqc.html
[2020-11-23 19:29:35,326] multiqc                                            [DEBUG  ]  File ignored by rockhopper because it exceeded search pattern filesize limit: BC-0345795864.raw__raw_reads.read_1_val_1_fastqc.html
[2020-11-23 19:29:35,326] multiqc                                            [DEBUG  ]  File ignored by rseqc/bam_stat because it exceeded search pattern filesize limit: BC-0345795864.raw__raw_reads.read_1_val_1_fastqc.html
[2020-11-23 19:29:35,326] multiqc                                            [DEBUG  ]  File ignored by rseqc/junction_annotation because it exceeded search pattern filesize limit: BC-0345795864.raw__raw_reads.read_1_val_1_fastqc.html
[2020-11-23 19:29:35,326] multiqc                                            [DEBUG  ]  File ignored by rseqc/read_distribution because it exceeded search pattern filesize limit: BC-0345795864.raw__raw_reads.read_1_val_1_fastqc.html
[2020-11-23 19:29:35,327] multiqc                                            [DEBUG  ]  File ignored by rseqc/infer_experiment because it exceeded search pattern filesize limit: BC-0345795864.raw__raw_reads.read_1_val_1_fastqc.html
[2020-11-23 19:29:35,512] multiqc                                            [DEBUG  ]  File ignored by hicexplorer because it exceeded search pattern filesize limit: BC-0345795864.raw__raw_reads.read_2_val_2_fastqc.html
[2020-11-23 19:29:35,515] multiqc                                            [DEBUG  ]  File ignored by longranger/invocation because it exceeded search pattern filesize limit: BC-0345795864.raw__raw_reads.read_2_val_2_fastqc.html
[2020-11-23 19:29:35,516] multiqc                                            [DEBUG  ]  File ignored by rockhopper because it exceeded search pattern filesize limit: BC-0345795864.raw__raw_reads.read_2_val_2_fastqc.html
[2020-11-23 19:29:35,516] multiqc                                            [DEBUG  ]  File ignored by rseqc/bam_stat because it exceeded search pattern filesize limit: BC-0345795864.raw__raw_reads.read_2_val_2_fastqc.html
[2020-11-23 19:29:35,516] multiqc                                            [DEBUG  ]  File ignored by rseqc/junction_annotation because it exceeded search pattern filesize limit: BC-0345795864.raw__raw_reads.read_2_val_2_fastqc.html
[2020-11-23 19:29:35,516] multiqc                                            [DEBUG  ]  File ignored by rseqc/read_distribution because it exceeded search pattern filesize limit: BC-0345795864.raw__raw_reads.read_2_val_2_fastqc.html
[2020-11-23 19:29:35,516] multiqc                                            [DEBUG  ]  File ignored by rseqc/infer_experiment because it exceeded search pattern filesize limit: BC-0345795864.raw__raw_reads.read_2_val_2_fastqc.html
[2020-11-23 19:29:35,728] multiqc                                            [DEBUG  ]  File ignored by hicexplorer because it exceeded search pattern filesize limit: BC-0345795896.raw__raw_reads.read_1_val_1_fastqc.html
[2020-11-23 19:29:35,732] multiqc                                            [DEBUG  ]  File ignored by longranger/invocation because it exceeded search pattern filesize limit: BC-0345795896.raw__raw_reads.read_1_val_1_fastqc.html
[2020-11-23 19:29:35,732] multiqc                                            [DEBUG  ]  File ignored by rockhopper because it exceeded search pattern filesize limit: BC-0345795896.raw__raw_reads.read_1_val_1_fastqc.html
[2020-11-23 19:29:35,732] multiqc                                            [DEBUG  ]  File ignored by rseqc/bam_stat because it exceeded search pattern filesize limit: BC-0345795896.raw__raw_reads.read_1_val_1_fastqc.html
[2020-11-23 19:29:35,732] multiqc                                            [DEBUG  ]  File ignored by rseqc/junction_annotation because it exceeded search pattern filesize limit: BC-0345795896.raw__raw_reads.read_1_val_1_fastqc.html
[2020-11-23 19:29:35,732] multiqc                                            [DEBUG  ]  File ignored by rseqc/read_distribution because it exceeded search pattern filesize limit: BC-0345795896.raw__raw_reads.read_1_val_1_fastqc.html
[2020-11-23 19:29:35,733] multiqc                                            [DEBUG  ]  File ignored by rseqc/infer_experiment because it exceeded search pattern filesize limit: BC-0345795896.raw__raw_reads.read_1_val_1_fastqc.html
[2020-11-23 19:29:35,903] multiqc                                            [DEBUG  ]  File ignored by hicexplorer because it exceeded search pattern filesize limit: BC-0345795896.raw__raw_reads.read_2_val_2_fastqc.html
[2020-11-23 19:29:35,907] multiqc                                            [DEBUG  ]  File ignored by longranger/invocation because it exceeded search pattern filesize limit: BC-0345795896.raw__raw_reads.read_2_val_2_fastqc.html
[2020-11-23 19:29:35,907] multiqc                                            [DEBUG  ]  File ignored by rockhopper because it exceeded search pattern filesize limit: BC-0345795896.raw__raw_reads.read_2_val_2_fastqc.html
[2020-11-23 19:29:35,907] multiqc                                            [DEBUG  ]  File ignored by rseqc/bam_stat because it exceeded search pattern filesize limit: BC-0345795896.raw__raw_reads.read_2_val_2_fastqc.html
[2020-11-23 19:29:35,907] multiqc                                            [DEBUG  ]  File ignored by rseqc/junction_annotation because it exceeded search pattern filesize limit: BC-0345795896.raw__raw_reads.read_2_val_2_fastqc.html
[2020-11-23 19:29:35,907] multiqc                                            [DEBUG  ]  File ignored by rseqc/read_distribution because it exceeded search pattern filesize limit: BC-0345795896.raw__raw_reads.read_2_val_2_fastqc.html
[2020-11-23 19:29:35,907] multiqc                                            [DEBUG  ]  File ignored by rseqc/infer_experiment because it exceeded search pattern filesize limit: BC-0345795896.raw__raw_reads.read_2_val_2_fastqc.html
[2020-11-23 19:29:36,106] multiqc                                            [DEBUG  ]  File ignored by hicexplorer because it exceeded search pattern filesize limit: BC-0345797312.raw__raw_reads.read_1_val_1_fastqc.html
[2020-11-23 19:29:36,109] multiqc                                            [DEBUG  ]  File ignored by longranger/invocation because it exceeded search pattern filesize limit: BC-0345797312.raw__raw_reads.read_1_val_1_fastqc.html
[2020-11-23 19:29:36,109] multiqc                                            [DEBUG  ]  File ignored by rockhopper because it exceeded search pattern filesize limit: BC-0345797312.raw__raw_reads.read_1_val_1_fastqc.html
[2020-11-23 19:29:36,109] multiqc                                            [DEBUG  ]  File ignored by rseqc/bam_stat because it exceeded search pattern filesize limit: BC-0345797312.raw__raw_reads.read_1_val_1_fastqc.html
[2020-11-23 19:29:36,109] multiqc                                            [DEBUG  ]  File ignored by rseqc/junction_annotation because it exceeded search pattern filesize limit: BC-0345797312.raw__raw_reads.read_1_val_1_fastqc.html
[2020-11-23 19:29:36,109] multiqc                                            [DEBUG  ]  File ignored by rseqc/read_distribution because it exceeded search pattern filesize limit: BC-0345797312.raw__raw_reads.read_1_val_1_fastqc.html
[2020-11-23 19:29:36,109] multiqc                                            [DEBUG  ]  File ignored by rseqc/infer_experiment because it exceeded search pattern filesize limit: BC-0345797312.raw__raw_reads.read_1_val_1_fastqc.html
[2020-11-23 19:29:36,302] multiqc                                            [DEBUG  ]  File ignored by hicexplorer because it exceeded search pattern filesize limit: BC-0345797312.raw__raw_reads.read_2_val_2_fastqc.html
[2020-11-23 19:29:36,306] multiqc                                            [DEBUG  ]  File ignored by longranger/invocation because it exceeded search pattern filesize limit: BC-0345797312.raw__raw_reads.read_2_val_2_fastqc.html
[2020-11-23 19:29:36,306] multiqc                                            [DEBUG  ]  File ignored by rockhopper because it exceeded search pattern filesize limit: BC-0345797312.raw__raw_reads.read_2_val_2_fastqc.html
[2020-11-23 19:29:36,306] multiqc                                            [DEBUG  ]  File ignored by rseqc/bam_stat because it exceeded search pattern filesize limit: BC-0345797312.raw__raw_reads.read_2_val_2_fastqc.html
[2020-11-23 19:29:36,306] multiqc                                            [DEBUG  ]  File ignored by rseqc/junction_annotation because it exceeded search pattern filesize limit: BC-0345797312.raw__raw_reads.read_2_val_2_fastqc.html
[2020-11-23 19:29:36,306] multiqc                                            [DEBUG  ]  File ignored by rseqc/read_distribution because it exceeded search pattern filesize limit: BC-0345797312.raw__raw_reads.read_2_val_2_fastqc.html
[2020-11-23 19:29:36,306] multiqc                                            [DEBUG  ]  File ignored by rseqc/infer_experiment because it exceeded search pattern filesize limit: BC-0345797312.raw__raw_reads.read_2_val_2_fastqc.html
[2020-11-23 19:29:36,509] multiqc                                            [DEBUG  ]  File ignored by hicexplorer because it exceeded search pattern filesize limit: BC-0345797317.raw__raw_reads.read_1_val_1_fastqc.html
[2020-11-23 19:29:36,512] multiqc                                            [DEBUG  ]  File ignored by longranger/invocation because it exceeded search pattern filesize limit: BC-0345797317.raw__raw_reads.read_1_val_1_fastqc.html
[2020-11-23 19:29:36,513] multiqc                                            [DEBUG  ]  File ignored by rockhopper because it exceeded search pattern filesize limit: BC-0345797317.raw__raw_reads.read_1_val_1_fastqc.html
[2020-11-23 19:29:36,513] multiqc                                            [DEBUG  ]  File ignored by rseqc/bam_stat because it exceeded search pattern filesize limit: BC-0345797317.raw__raw_reads.read_1_val_1_fastqc.html
[2020-11-23 19:29:36,513] multiqc                                            [DEBUG  ]  File ignored by rseqc/junction_annotation because it exceeded search pattern filesize limit: BC-0345797317.raw__raw_reads.read_1_val_1_fastqc.html
[2020-11-23 19:29:36,513] multiqc                                            [DEBUG  ]  File ignored by rseqc/read_distribution because it exceeded search pattern filesize limit: BC-0345797317.raw__raw_reads.read_1_val_1_fastqc.html
[2020-11-23 19:29:36,513] multiqc                                            [DEBUG  ]  File ignored by rseqc/infer_experiment because it exceeded search pattern filesize limit: BC-0345797317.raw__raw_reads.read_1_val_1_fastqc.html
[2020-11-23 19:29:36,731] multiqc                                            [DEBUG  ]  File ignored by hicexplorer because it exceeded search pattern filesize limit: BC-0345797317.raw__raw_reads.read_2_val_2_fastqc.html
[2020-11-23 19:29:36,734] multiqc                                            [DEBUG  ]  File ignored by longranger/invocation because it exceeded search pattern filesize limit: BC-0345797317.raw__raw_reads.read_2_val_2_fastqc.html
[2020-11-23 19:29:36,734] multiqc                                            [DEBUG  ]  File ignored by rockhopper because it exceeded search pattern filesize limit: BC-0345797317.raw__raw_reads.read_2_val_2_fastqc.html
[2020-11-23 19:29:36,734] multiqc                                            [DEBUG  ]  File ignored by rseqc/bam_stat because it exceeded search pattern filesize limit: BC-0345797317.raw__raw_reads.read_2_val_2_fastqc.html
[2020-11-23 19:29:36,734] multiqc                                            [DEBUG  ]  File ignored by rseqc/junction_annotation because it exceeded search pattern filesize limit: BC-0345797317.raw__raw_reads.read_2_val_2_fastqc.html
[2020-11-23 19:29:36,735] multiqc                                            [DEBUG  ]  File ignored by rseqc/read_distribution because it exceeded search pattern filesize limit: BC-0345797317.raw__raw_reads.read_2_val_2_fastqc.html
[2020-11-23 19:29:36,735] multiqc                                            [DEBUG  ]  File ignored by rseqc/infer_experiment because it exceeded search pattern filesize limit: BC-0345797317.raw__raw_reads.read_2_val_2_fastqc.html
[2020-11-23 19:29:36,967] multiqc                                            [DEBUG  ]  File ignored by hicexplorer because it exceeded search pattern filesize limit: BC-0345797602.raw__raw_reads.read_1_val_1_fastqc.html
[2020-11-23 19:29:36,971] multiqc                                            [DEBUG  ]  File ignored by longranger/invocation because it exceeded search pattern filesize limit: BC-0345797602.raw__raw_reads.read_1_val_1_fastqc.html
[2020-11-23 19:29:36,971] multiqc                                            [DEBUG  ]  File ignored by rockhopper because it exceeded search pattern filesize limit: BC-0345797602.raw__raw_reads.read_1_val_1_fastqc.html
[2020-11-23 19:29:36,971] multiqc                                            [DEBUG  ]  File ignored by rseqc/bam_stat because it exceeded search pattern filesize limit: BC-0345797602.raw__raw_reads.read_1_val_1_fastqc.html
[2020-11-23 19:29:36,971] multiqc                                            [DEBUG  ]  File ignored by rseqc/junction_annotation because it exceeded search pattern filesize limit: BC-0345797602.raw__raw_reads.read_1_val_1_fastqc.html
[2020-11-23 19:29:36,971] multiqc                                            [DEBUG  ]  File ignored by rseqc/read_distribution because it exceeded search pattern filesize limit: BC-0345797602.raw__raw_reads.read_1_val_1_fastqc.html
[2020-11-23 19:29:36,971] multiqc                                            [DEBUG  ]  File ignored by rseqc/infer_experiment because it exceeded search pattern filesize limit: BC-0345797602.raw__raw_reads.read_1_val_1_fastqc.html
[2020-11-23 19:29:37,159] multiqc                                            [DEBUG  ]  File ignored by hicexplorer because it exceeded search pattern filesize limit: BC-0345797602.raw__raw_reads.read_2_val_2_fastqc.html
[2020-11-23 19:29:37,163] multiqc                                            [DEBUG  ]  File ignored by longranger/invocation because it exceeded search pattern filesize limit: BC-0345797602.raw__raw_reads.read_2_val_2_fastqc.html
[2020-11-23 19:29:37,163] multiqc                                            [DEBUG  ]  File ignored by rockhopper because it exceeded search pattern filesize limit: BC-0345797602.raw__raw_reads.read_2_val_2_fastqc.html
[2020-11-23 19:29:37,163] multiqc                                            [DEBUG  ]  File ignored by rseqc/bam_stat because it exceeded search pattern filesize limit: BC-0345797602.raw__raw_reads.read_2_val_2_fastqc.html
[2020-11-23 19:29:37,163] multiqc                                            [DEBUG  ]  File ignored by rseqc/junction_annotation because it exceeded search pattern filesize limit: BC-0345797602.raw__raw_reads.read_2_val_2_fastqc.html
[2020-11-23 19:29:37,163] multiqc                                            [DEBUG  ]  File ignored by rseqc/read_distribution because it exceeded search pattern filesize limit: BC-0345797602.raw__raw_reads.read_2_val_2_fastqc.html
[2020-11-23 19:29:37,164] multiqc                                            [DEBUG  ]  File ignored by rseqc/infer_experiment because it exceeded search pattern filesize limit: BC-0345797602.raw__raw_reads.read_2_val_2_fastqc.html
[2020-11-23 19:29:37,360] multiqc                                            [DEBUG  ]  File ignored by hicexplorer because it exceeded search pattern filesize limit: BC-0345797632.raw__raw_reads.read_1_val_1_fastqc.html
[2020-11-23 19:29:37,363] multiqc                                            [DEBUG  ]  File ignored by longranger/invocation because it exceeded search pattern filesize limit: BC-0345797632.raw__raw_reads.read_1_val_1_fastqc.html
[2020-11-23 19:29:37,363] multiqc                                            [DEBUG  ]  File ignored by rockhopper because it exceeded search pattern filesize limit: BC-0345797632.raw__raw_reads.read_1_val_1_fastqc.html
[2020-11-23 19:29:37,363] multiqc                                            [DEBUG  ]  File ignored by rseqc/bam_stat because it exceeded search pattern filesize limit: BC-0345797632.raw__raw_reads.read_1_val_1_fastqc.html
[2020-11-23 19:29:37,363] multiqc                                            [DEBUG  ]  File ignored by rseqc/junction_annotation because it exceeded search pattern filesize limit: BC-0345797632.raw__raw_reads.read_1_val_1_fastqc.html
[2020-11-23 19:29:37,363] multiqc                                            [DEBUG  ]  File ignored by rseqc/read_distribution because it exceeded search pattern filesize limit: BC-0345797632.raw__raw_reads.read_1_val_1_fastqc.html
[2020-11-23 19:29:37,363] multiqc                                            [DEBUG  ]  File ignored by rseqc/infer_experiment because it exceeded search pattern filesize limit: BC-0345797632.raw__raw_reads.read_1_val_1_fastqc.html
[2020-11-23 19:29:37,528] multiqc                                            [DEBUG  ]  File ignored by hicexplorer because it exceeded search pattern filesize limit: BC-0345797632.raw__raw_reads.read_2_val_2_fastqc.html
[2020-11-23 19:29:37,532] multiqc                                            [DEBUG  ]  File ignored by longranger/invocation because it exceeded search pattern filesize limit: BC-0345797632.raw__raw_reads.read_2_val_2_fastqc.html
[2020-11-23 19:29:37,532] multiqc                                            [DEBUG  ]  File ignored by rockhopper because it exceeded search pattern filesize limit: BC-0345797632.raw__raw_reads.read_2_val_2_fastqc.html
[2020-11-23 19:29:37,532] multiqc                                            [DEBUG  ]  File ignored by rseqc/bam_stat because it exceeded search pattern filesize limit: BC-0345797632.raw__raw_reads.read_2_val_2_fastqc.html
[2020-11-23 19:29:37,532] multiqc                                            [DEBUG  ]  File ignored by rseqc/junction_annotation because it exceeded search pattern filesize limit: BC-0345797632.raw__raw_reads.read_2_val_2_fastqc.html
[2020-11-23 19:29:37,532] multiqc                                            [DEBUG  ]  File ignored by rseqc/read_distribution because it exceeded search pattern filesize limit: BC-0345797632.raw__raw_reads.read_2_val_2_fastqc.html
[2020-11-23 19:29:37,532] multiqc                                            [DEBUG  ]  File ignored by rseqc/infer_experiment because it exceeded search pattern filesize limit: BC-0345797632.raw__raw_reads.read_2_val_2_fastqc.html
[2020-11-23 19:29:37,710] multiqc                                            [DEBUG  ]  File ignored by hicexplorer because it exceeded search pattern filesize limit: BC-0345797636.raw__raw_reads.read_1_val_1_fastqc.html
[2020-11-23 19:29:37,714] multiqc                                            [DEBUG  ]  File ignored by longranger/invocation because it exceeded search pattern filesize limit: BC-0345797636.raw__raw_reads.read_1_val_1_fastqc.html
[2020-11-23 19:29:37,714] multiqc                                            [DEBUG  ]  File ignored by rockhopper because it exceeded search pattern filesize limit: BC-0345797636.raw__raw_reads.read_1_val_1_fastqc.html
[2020-11-23 19:29:37,714] multiqc                                            [DEBUG  ]  File ignored by rseqc/bam_stat because it exceeded search pattern filesize limit: BC-0345797636.raw__raw_reads.read_1_val_1_fastqc.html
[2020-11-23 19:29:37,714] multiqc                                            [DEBUG  ]  File ignored by rseqc/junction_annotation because it exceeded search pattern filesize limit: BC-0345797636.raw__raw_reads.read_1_val_1_fastqc.html
[2020-11-23 19:29:37,714] multiqc                                            [DEBUG  ]  File ignored by rseqc/read_distribution because it exceeded search pattern filesize limit: BC-0345797636.raw__raw_reads.read_1_val_1_fastqc.html
[2020-11-23 19:29:37,714] multiqc                                            [DEBUG  ]  File ignored by rseqc/infer_experiment because it exceeded search pattern filesize limit: BC-0345797636.raw__raw_reads.read_1_val_1_fastqc.html
[2020-11-23 19:29:37,921] multiqc                                            [DEBUG  ]  File ignored by hicexplorer because it exceeded search pattern filesize limit: BC-0345797636.raw__raw_reads.read_2_val_2_fastqc.html
[2020-11-23 19:29:37,924] multiqc                                            [DEBUG  ]  File ignored by longranger/invocation because it exceeded search pattern filesize limit: BC-0345797636.raw__raw_reads.read_2_val_2_fastqc.html
[2020-11-23 19:29:37,925] multiqc                                            [DEBUG  ]  File ignored by rockhopper because it exceeded search pattern filesize limit: BC-0345797636.raw__raw_reads.read_2_val_2_fastqc.html
[2020-11-23 19:29:37,925] multiqc                                            [DEBUG  ]  File ignored by rseqc/bam_stat because it exceeded search pattern filesize limit: BC-0345797636.raw__raw_reads.read_2_val_2_fastqc.html
[2020-11-23 19:29:37,925] multiqc                                            [DEBUG  ]  File ignored by rseqc/junction_annotation because it exceeded search pattern filesize limit: BC-0345797636.raw__raw_reads.read_2_val_2_fastqc.html
[2020-11-23 19:29:37,925] multiqc                                            [DEBUG  ]  File ignored by rseqc/read_distribution because it exceeded search pattern filesize limit: BC-0345797636.raw__raw_reads.read_2_val_2_fastqc.html
[2020-11-23 19:29:37,925] multiqc                                            [DEBUG  ]  File ignored by rseqc/infer_experiment because it exceeded search pattern filesize limit: BC-0345797636.raw__raw_reads.read_2_val_2_fastqc.html
[2020-11-23 19:29:38,115] multiqc                                            [DEBUG  ]  File ignored by hicexplorer because it exceeded search pattern filesize limit: BC-0345797641.raw__raw_reads.read_1_val_1_fastqc.html
[2020-11-23 19:29:38,118] multiqc                                            [DEBUG  ]  File ignored by longranger/invocation because it exceeded search pattern filesize limit: BC-0345797641.raw__raw_reads.read_1_val_1_fastqc.html
[2020-11-23 19:29:38,119] multiqc                                            [DEBUG  ]  File ignored by rockhopper because it exceeded search pattern filesize limit: BC-0345797641.raw__raw_reads.read_1_val_1_fastqc.html
[2020-11-23 19:29:38,119] multiqc                                            [DEBUG  ]  File ignored by rseqc/bam_stat because it exceeded search pattern filesize limit: BC-0345797641.raw__raw_reads.read_1_val_1_fastqc.html
[2020-11-23 19:29:38,119] multiqc                                            [DEBUG  ]  File ignored by rseqc/junction_annotation because it exceeded search pattern filesize limit: BC-0345797641.raw__raw_reads.read_1_val_1_fastqc.html
[2020-11-23 19:29:38,119] multiqc                                            [DEBUG  ]  File ignored by rseqc/read_distribution because it exceeded search pattern filesize limit: BC-0345797641.raw__raw_reads.read_1_val_1_fastqc.html
[2020-11-23 19:29:38,119] multiqc                                            [DEBUG  ]  File ignored by rseqc/infer_experiment because it exceeded search pattern filesize limit: BC-0345797641.raw__raw_reads.read_1_val_1_fastqc.html
[2020-11-23 19:29:38,322] multiqc                                            [DEBUG  ]  File ignored by hicexplorer because it exceeded search pattern filesize limit: BC-0345797641.raw__raw_reads.read_2_val_2_fastqc.html
[2020-11-23 19:29:38,325] multiqc                                            [DEBUG  ]  File ignored by longranger/invocation because it exceeded search pattern filesize limit: BC-0345797641.raw__raw_reads.read_2_val_2_fastqc.html
[2020-11-23 19:29:38,325] multiqc                                            [DEBUG  ]  File ignored by rockhopper because it exceeded search pattern filesize limit: BC-0345797641.raw__raw_reads.read_2_val_2_fastqc.html
[2020-11-23 19:29:38,325] multiqc                                            [DEBUG  ]  File ignored by rseqc/bam_stat because it exceeded search pattern filesize limit: BC-0345797641.raw__raw_reads.read_2_val_2_fastqc.html
[2020-11-23 19:29:38,325] multiqc                                            [DEBUG  ]  File ignored by rseqc/junction_annotation because it exceeded search pattern filesize limit: BC-0345797641.raw__raw_reads.read_2_val_2_fastqc.html
[2020-11-23 19:29:38,325] multiqc                                            [DEBUG  ]  File ignored by rseqc/read_distribution because it exceeded search pattern filesize limit: BC-0345797641.raw__raw_reads.read_2_val_2_fastqc.html
[2020-11-23 19:29:38,325] multiqc                                            [DEBUG  ]  File ignored by rseqc/infer_experiment because it exceeded search pattern filesize limit: BC-0345797641.raw__raw_reads.read_2_val_2_fastqc.html
[2020-11-23 19:29:38,525] multiqc                                            [DEBUG  ]  File ignored by hicexplorer because it exceeded search pattern filesize limit: BC-0345797645.raw__raw_reads.read_1_val_1_fastqc.html
[2020-11-23 19:29:38,529] multiqc                                            [DEBUG  ]  File ignored by longranger/invocation because it exceeded search pattern filesize limit: BC-0345797645.raw__raw_reads.read_1_val_1_fastqc.html
[2020-11-23 19:29:38,529] multiqc                                            [DEBUG  ]  File ignored by rockhopper because it exceeded search pattern filesize limit: BC-0345797645.raw__raw_reads.read_1_val_1_fastqc.html
[2020-11-23 19:29:38,529] multiqc                                            [DEBUG  ]  File ignored by rseqc/bam_stat because it exceeded search pattern filesize limit: BC-0345797645.raw__raw_reads.read_1_val_1_fastqc.html
[2020-11-23 19:29:38,529] multiqc                                            [DEBUG  ]  File ignored by rseqc/junction_annotation because it exceeded search pattern filesize limit: BC-0345797645.raw__raw_reads.read_1_val_1_fastqc.html
[2020-11-23 19:29:38,529] multiqc                                            [DEBUG  ]  File ignored by rseqc/read_distribution because it exceeded search pattern filesize limit: BC-0345797645.raw__raw_reads.read_1_val_1_fastqc.html
[2020-11-23 19:29:38,529] multiqc                                            [DEBUG  ]  File ignored by rseqc/infer_experiment because it exceeded search pattern filesize limit: BC-0345797645.raw__raw_reads.read_1_val_1_fastqc.html
[2020-11-23 19:29:38,715] multiqc                                            [DEBUG  ]  File ignored by hicexplorer because it exceeded search pattern filesize limit: BC-0345797645.raw__raw_reads.read_2_val_2_fastqc.html
[2020-11-23 19:29:38,718] multiqc                                            [DEBUG  ]  File ignored by longranger/invocation because it exceeded search pattern filesize limit: BC-0345797645.raw__raw_reads.read_2_val_2_fastqc.html
[2020-11-23 19:29:38,719] multiqc                                            [DEBUG  ]  File ignored by rockhopper because it exceeded search pattern filesize limit: BC-0345797645.raw__raw_reads.read_2_val_2_fastqc.html
[2020-11-23 19:29:38,719] multiqc                                            [DEBUG  ]  File ignored by rseqc/bam_stat because it exceeded search pattern filesize limit: BC-0345797645.raw__raw_reads.read_2_val_2_fastqc.html
[2020-11-23 19:29:38,719] multiqc                                            [DEBUG  ]  File ignored by rseqc/junction_annotation because it exceeded search pattern filesize limit: BC-0345797645.raw__raw_reads.read_2_val_2_fastqc.html
[2020-11-23 19:29:38,719] multiqc                                            [DEBUG  ]  File ignored by rseqc/read_distribution because it exceeded search pattern filesize limit: BC-0345797645.raw__raw_reads.read_2_val_2_fastqc.html
[2020-11-23 19:29:38,719] multiqc                                            [DEBUG  ]  File ignored by rseqc/infer_experiment because it exceeded search pattern filesize limit: BC-0345797645.raw__raw_reads.read_2_val_2_fastqc.html
[2020-11-23 19:29:38,921] multiqc                                            [DEBUG  ]  File ignored by hicexplorer because it exceeded search pattern filesize limit: BC-0345797686.raw__raw_reads.read_1_val_1_fastqc.html
[2020-11-23 19:29:38,925] multiqc                                            [DEBUG  ]  File ignored by longranger/invocation because it exceeded search pattern filesize limit: BC-0345797686.raw__raw_reads.read_1_val_1_fastqc.html
[2020-11-23 19:29:38,925] multiqc                                            [DEBUG  ]  File ignored by rockhopper because it exceeded search pattern filesize limit: BC-0345797686.raw__raw_reads.read_1_val_1_fastqc.html
[2020-11-23 19:29:38,925] multiqc                                            [DEBUG  ]  File ignored by rseqc/bam_stat because it exceeded search pattern filesize limit: BC-0345797686.raw__raw_reads.read_1_val_1_fastqc.html
[2020-11-23 19:29:38,925] multiqc                                            [DEBUG  ]  File ignored by rseqc/junction_annotation because it exceeded search pattern filesize limit: BC-0345797686.raw__raw_reads.read_1_val_1_fastqc.html
[2020-11-23 19:29:38,925] multiqc                                            [DEBUG  ]  File ignored by rseqc/read_distribution because it exceeded search pattern filesize limit: BC-0345797686.raw__raw_reads.read_1_val_1_fastqc.html
[2020-11-23 19:29:38,925] multiqc                                            [DEBUG  ]  File ignored by rseqc/infer_experiment because it exceeded search pattern filesize limit: BC-0345797686.raw__raw_reads.read_1_val_1_fastqc.html
[2020-11-23 19:29:39,105] multiqc                                            [DEBUG  ]  File ignored by hicexplorer because it exceeded search pattern filesize limit: BC-0345797686.raw__raw_reads.read_2_val_2_fastqc.html
[2020-11-23 19:29:39,109] multiqc                                            [DEBUG  ]  File ignored by longranger/invocation because it exceeded search pattern filesize limit: BC-0345797686.raw__raw_reads.read_2_val_2_fastqc.html
[2020-11-23 19:29:39,109] multiqc                                            [DEBUG  ]  File ignored by rockhopper because it exceeded search pattern filesize limit: BC-0345797686.raw__raw_reads.read_2_val_2_fastqc.html
[2020-11-23 19:29:39,109] multiqc                                            [DEBUG  ]  File ignored by rseqc/bam_stat because it exceeded search pattern filesize limit: BC-0345797686.raw__raw_reads.read_2_val_2_fastqc.html
[2020-11-23 19:29:39,109] multiqc                                            [DEBUG  ]  File ignored by rseqc/junction_annotation because it exceeded search pattern filesize limit: BC-0345797686.raw__raw_reads.read_2_val_2_fastqc.html
[2020-11-23 19:29:39,109] multiqc                                            [DEBUG  ]  File ignored by rseqc/read_distribution because it exceeded search pattern filesize limit: BC-0345797686.raw__raw_reads.read_2_val_2_fastqc.html
[2020-11-23 19:29:39,109] multiqc                                            [DEBUG  ]  File ignored by rseqc/infer_experiment because it exceeded search pattern filesize limit: BC-0345797686.raw__raw_reads.read_2_val_2_fastqc.html
[2020-11-23 19:29:39,235] multiqc                                            [DEBUG  ]  File ignored by hicexplorer because it exceeded search pattern filesize limit: BC-0345797802.raw__raw_reads.read_1_val_1_fastqc.html
[2020-11-23 19:29:39,238] multiqc                                            [DEBUG  ]  File ignored by longranger/invocation because it exceeded search pattern filesize limit: BC-0345797802.raw__raw_reads.read_1_val_1_fastqc.html
[2020-11-23 19:29:39,238] multiqc                                            [DEBUG  ]  File ignored by rockhopper because it exceeded search pattern filesize limit: BC-0345797802.raw__raw_reads.read_1_val_1_fastqc.html
[2020-11-23 19:29:39,238] multiqc                                            [DEBUG  ]  File ignored by rseqc/bam_stat because it exceeded search pattern filesize limit: BC-0345797802.raw__raw_reads.read_1_val_1_fastqc.html
[2020-11-23 19:29:39,239] multiqc                                            [DEBUG  ]  File ignored by rseqc/junction_annotation because it exceeded search pattern filesize limit: BC-0345797802.raw__raw_reads.read_1_val_1_fastqc.html
[2020-11-23 19:29:39,239] multiqc                                            [DEBUG  ]  File ignored by rseqc/read_distribution because it exceeded search pattern filesize limit: BC-0345797802.raw__raw_reads.read_1_val_1_fastqc.html
[2020-11-23 19:29:39,239] multiqc                                            [DEBUG  ]  File ignored by rseqc/infer_experiment because it exceeded search pattern filesize limit: BC-0345797802.raw__raw_reads.read_1_val_1_fastqc.html
[2020-11-23 19:29:39,337] multiqc                                            [DEBUG  ]  File ignored by hicexplorer because it exceeded search pattern filesize limit: BC-0345797802.raw__raw_reads.read_2_val_2_fastqc.html
[2020-11-23 19:29:39,340] multiqc                                            [DEBUG  ]  File ignored by longranger/invocation because it exceeded search pattern filesize limit: BC-0345797802.raw__raw_reads.read_2_val_2_fastqc.html
[2020-11-23 19:29:39,340] multiqc                                            [DEBUG  ]  File ignored by rockhopper because it exceeded search pattern filesize limit: BC-0345797802.raw__raw_reads.read_2_val_2_fastqc.html
[2020-11-23 19:29:39,340] multiqc                                            [DEBUG  ]  File ignored by rseqc/bam_stat because it exceeded search pattern filesize limit: BC-0345797802.raw__raw_reads.read_2_val_2_fastqc.html
[2020-11-23 19:29:39,340] multiqc                                            [DEBUG  ]  File ignored by rseqc/junction_annotation because it exceeded search pattern filesize limit: BC-0345797802.raw__raw_reads.read_2_val_2_fastqc.html
[2020-11-23 19:29:39,340] multiqc                                            [DEBUG  ]  File ignored by rseqc/read_distribution because it exceeded search pattern filesize limit: BC-0345797802.raw__raw_reads.read_2_val_2_fastqc.html
[2020-11-23 19:29:39,341] multiqc                                            [DEBUG  ]  File ignored by rseqc/infer_experiment because it exceeded search pattern filesize limit: BC-0345797802.raw__raw_reads.read_2_val_2_fastqc.html
[2020-11-23 19:29:39,460] multiqc                                            [DEBUG  ]  File ignored by hicexplorer because it exceeded search pattern filesize limit: BC-0345797815.raw__raw_reads.read_1_val_1_fastqc.html
[2020-11-23 19:29:39,464] multiqc                                            [DEBUG  ]  File ignored by longranger/invocation because it exceeded search pattern filesize limit: BC-0345797815.raw__raw_reads.read_1_val_1_fastqc.html
[2020-11-23 19:29:39,464] multiqc                                            [DEBUG  ]  File ignored by rockhopper because it exceeded search pattern filesize limit: BC-0345797815.raw__raw_reads.read_1_val_1_fastqc.html
[2020-11-23 19:29:39,464] multiqc                                            [DEBUG  ]  File ignored by rseqc/bam_stat because it exceeded search pattern filesize limit: BC-0345797815.raw__raw_reads.read_1_val_1_fastqc.html
[2020-11-23 19:29:39,464] multiqc                                            [DEBUG  ]  File ignored by rseqc/junction_annotation because it exceeded search pattern filesize limit: BC-0345797815.raw__raw_reads.read_1_val_1_fastqc.html
[2020-11-23 19:29:39,464] multiqc                                            [DEBUG  ]  File ignored by rseqc/read_distribution because it exceeded search pattern filesize limit: BC-0345797815.raw__raw_reads.read_1_val_1_fastqc.html
[2020-11-23 19:29:39,464] multiqc                                            [DEBUG  ]  File ignored by rseqc/infer_experiment because it exceeded search pattern filesize limit: BC-0345797815.raw__raw_reads.read_1_val_1_fastqc.html
[2020-11-23 19:29:39,541] multiqc                                            [DEBUG  ]  File ignored by hicexplorer because it exceeded search pattern filesize limit: BC-0345797815.raw__raw_reads.read_2_val_2_fastqc.html
[2020-11-23 19:29:39,545] multiqc                                            [DEBUG  ]  File ignored by longranger/invocation because it exceeded search pattern filesize limit: BC-0345797815.raw__raw_reads.read_2_val_2_fastqc.html
[2020-11-23 19:29:39,545] multiqc                                            [DEBUG  ]  File ignored by rockhopper because it exceeded search pattern filesize limit: BC-0345797815.raw__raw_reads.read_2_val_2_fastqc.html
[2020-11-23 19:29:39,545] multiqc                                            [DEBUG  ]  File ignored by rseqc/bam_stat because it exceeded search pattern filesize limit: BC-0345797815.raw__raw_reads.read_2_val_2_fastqc.html
[2020-11-23 19:29:39,545] multiqc                                            [DEBUG  ]  File ignored by rseqc/junction_annotation because it exceeded search pattern filesize limit: BC-0345797815.raw__raw_reads.read_2_val_2_fastqc.html
[2020-11-23 19:29:39,545] multiqc                                            [DEBUG  ]  File ignored by rseqc/read_distribution because it exceeded search pattern filesize limit: BC-0345797815.raw__raw_reads.read_2_val_2_fastqc.html
[2020-11-23 19:29:39,545] multiqc                                            [DEBUG  ]  File ignored by rseqc/infer_experiment because it exceeded search pattern filesize limit: BC-0345797815.raw__raw_reads.read_2_val_2_fastqc.html
[2020-11-23 19:29:39,652] multiqc                                            [DEBUG  ]  File ignored by hicexplorer because it exceeded search pattern filesize limit: BC-0345797817.raw__raw_reads.read_1_val_1_fastqc.html
[2020-11-23 19:29:39,655] multiqc                                            [DEBUG  ]  File ignored by longranger/invocation because it exceeded search pattern filesize limit: BC-0345797817.raw__raw_reads.read_1_val_1_fastqc.html
[2020-11-23 19:29:39,655] multiqc                                            [DEBUG  ]  File ignored by rockhopper because it exceeded search pattern filesize limit: BC-0345797817.raw__raw_reads.read_1_val_1_fastqc.html
[2020-11-23 19:29:39,655] multiqc                                            [DEBUG  ]  File ignored by rseqc/bam_stat because it exceeded search pattern filesize limit: BC-0345797817.raw__raw_reads.read_1_val_1_fastqc.html
[2020-11-23 19:29:39,655] multiqc                                            [DEBUG  ]  File ignored by rseqc/junction_annotation because it exceeded search pattern filesize limit: BC-0345797817.raw__raw_reads.read_1_val_1_fastqc.html
[2020-11-23 19:29:39,656] multiqc                                            [DEBUG  ]  File ignored by rseqc/read_distribution because it exceeded search pattern filesize limit: BC-0345797817.raw__raw_reads.read_1_val_1_fastqc.html
[2020-11-23 19:29:39,656] multiqc                                            [DEBUG  ]  File ignored by rseqc/infer_experiment because it exceeded search pattern filesize limit: BC-0345797817.raw__raw_reads.read_1_val_1_fastqc.html
[2020-11-23 19:29:39,753] multiqc                                            [DEBUG  ]  File ignored by hicexplorer because it exceeded search pattern filesize limit: BC-0345797817.raw__raw_reads.read_2_val_2_fastqc.html
[2020-11-23 19:29:39,756] multiqc                                            [DEBUG  ]  File ignored by longranger/invocation because it exceeded search pattern filesize limit: BC-0345797817.raw__raw_reads.read_2_val_2_fastqc.html
[2020-11-23 19:29:39,756] multiqc                                            [DEBUG  ]  File ignored by rockhopper because it exceeded search pattern filesize limit: BC-0345797817.raw__raw_reads.read_2_val_2_fastqc.html
[2020-11-23 19:29:39,756] multiqc                                            [DEBUG  ]  File ignored by rseqc/bam_stat because it exceeded search pattern filesize limit: BC-0345797817.raw__raw_reads.read_2_val_2_fastqc.html
[2020-11-23 19:29:39,756] multiqc                                            [DEBUG  ]  File ignored by rseqc/junction_annotation because it exceeded search pattern filesize limit: BC-0345797817.raw__raw_reads.read_2_val_2_fastqc.html
[2020-11-23 19:29:39,756] multiqc                                            [DEBUG  ]  File ignored by rseqc/read_distribution because it exceeded search pattern filesize limit: BC-0345797817.raw__raw_reads.read_2_val_2_fastqc.html
[2020-11-23 19:29:39,756] multiqc                                            [DEBUG  ]  File ignored by rseqc/infer_experiment because it exceeded search pattern filesize limit: BC-0345797817.raw__raw_reads.read_2_val_2_fastqc.html
[2020-11-23 19:29:39,862] multiqc                                            [DEBUG  ]  File ignored by hicexplorer because it exceeded search pattern filesize limit: BC-0345797839.raw__raw_reads.read_1_val_1_fastqc.html
[2020-11-23 19:29:39,866] multiqc                                            [DEBUG  ]  File ignored by longranger/invocation because it exceeded search pattern filesize limit: BC-0345797839.raw__raw_reads.read_1_val_1_fastqc.html
[2020-11-23 19:29:39,866] multiqc                                            [DEBUG  ]  File ignored by rockhopper because it exceeded search pattern filesize limit: BC-0345797839.raw__raw_reads.read_1_val_1_fastqc.html
[2020-11-23 19:29:39,866] multiqc                                            [DEBUG  ]  File ignored by rseqc/bam_stat because it exceeded search pattern filesize limit: BC-0345797839.raw__raw_reads.read_1_val_1_fastqc.html
[2020-11-23 19:29:39,866] multiqc                                            [DEBUG  ]  File ignored by rseqc/junction_annotation because it exceeded search pattern filesize limit: BC-0345797839.raw__raw_reads.read_1_val_1_fastqc.html
[2020-11-23 19:29:39,866] multiqc                                            [DEBUG  ]  File ignored by rseqc/read_distribution because it exceeded search pattern filesize limit: BC-0345797839.raw__raw_reads.read_1_val_1_fastqc.html
[2020-11-23 19:29:39,866] multiqc                                            [DEBUG  ]  File ignored by rseqc/infer_experiment because it exceeded search pattern filesize limit: BC-0345797839.raw__raw_reads.read_1_val_1_fastqc.html
[2020-11-23 19:29:39,964] multiqc                                            [DEBUG  ]  File ignored by hicexplorer because it exceeded search pattern filesize limit: BC-0345797839.raw__raw_reads.read_2_val_2_fastqc.html
[2020-11-23 19:29:39,968] multiqc                                            [DEBUG  ]  File ignored by longranger/invocation because it exceeded search pattern filesize limit: BC-0345797839.raw__raw_reads.read_2_val_2_fastqc.html
[2020-11-23 19:29:39,968] multiqc                                            [DEBUG  ]  File ignored by rockhopper because it exceeded search pattern filesize limit: BC-0345797839.raw__raw_reads.read_2_val_2_fastqc.html
[2020-11-23 19:29:39,968] multiqc                                            [DEBUG  ]  File ignored by rseqc/bam_stat because it exceeded search pattern filesize limit: BC-0345797839.raw__raw_reads.read_2_val_2_fastqc.html
[2020-11-23 19:29:39,968] multiqc                                            [DEBUG  ]  File ignored by rseqc/junction_annotation because it exceeded search pattern filesize limit: BC-0345797839.raw__raw_reads.read_2_val_2_fastqc.html
[2020-11-23 19:29:39,968] multiqc                                            [DEBUG  ]  File ignored by rseqc/read_distribution because it exceeded search pattern filesize limit: BC-0345797839.raw__raw_reads.read_2_val_2_fastqc.html
[2020-11-23 19:29:39,968] multiqc                                            [DEBUG  ]  File ignored by rseqc/infer_experiment because it exceeded search pattern filesize limit: BC-0345797839.raw__raw_reads.read_2_val_2_fastqc.html
[2020-11-23 19:29:40,050] multiqc                                            [DEBUG  ]  File ignored by hicexplorer because it exceeded search pattern filesize limit: BC-0345798087.raw__raw_reads.read_1_val_1_fastqc.html
[2020-11-23 19:29:40,054] multiqc                                            [DEBUG  ]  File ignored by longranger/invocation because it exceeded search pattern filesize limit: BC-0345798087.raw__raw_reads.read_1_val_1_fastqc.html
[2020-11-23 19:29:40,054] multiqc                                            [DEBUG  ]  File ignored by rockhopper because it exceeded search pattern filesize limit: BC-0345798087.raw__raw_reads.read_1_val_1_fastqc.html
[2020-11-23 19:29:40,054] multiqc                                            [DEBUG  ]  File ignored by rseqc/bam_stat because it exceeded search pattern filesize limit: BC-0345798087.raw__raw_reads.read_1_val_1_fastqc.html
[2020-11-23 19:29:40,054] multiqc                                            [DEBUG  ]  File ignored by rseqc/junction_annotation because it exceeded search pattern filesize limit: BC-0345798087.raw__raw_reads.read_1_val_1_fastqc.html
[2020-11-23 19:29:40,054] multiqc                                            [DEBUG  ]  File ignored by rseqc/read_distribution because it exceeded search pattern filesize limit: BC-0345798087.raw__raw_reads.read_1_val_1_fastqc.html
[2020-11-23 19:29:40,054] multiqc                                            [DEBUG  ]  File ignored by rseqc/infer_experiment because it exceeded search pattern filesize limit: BC-0345798087.raw__raw_reads.read_1_val_1_fastqc.html
[2020-11-23 19:29:40,161] multiqc                                            [DEBUG  ]  File ignored by hicexplorer because it exceeded search pattern filesize limit: BC-0345798087.raw__raw_reads.read_2_val_2_fastqc.html
[2020-11-23 19:29:40,165] multiqc                                            [DEBUG  ]  File ignored by longranger/invocation because it exceeded search pattern filesize limit: BC-0345798087.raw__raw_reads.read_2_val_2_fastqc.html
[2020-11-23 19:29:40,165] multiqc                                            [DEBUG  ]  File ignored by rockhopper because it exceeded search pattern filesize limit: BC-0345798087.raw__raw_reads.read_2_val_2_fastqc.html
[2020-11-23 19:29:40,165] multiqc                                            [DEBUG  ]  File ignored by rseqc/bam_stat because it exceeded search pattern filesize limit: BC-0345798087.raw__raw_reads.read_2_val_2_fastqc.html
[2020-11-23 19:29:40,165] multiqc                                            [DEBUG  ]  File ignored by rseqc/junction_annotation because it exceeded search pattern filesize limit: BC-0345798087.raw__raw_reads.read_2_val_2_fastqc.html
[2020-11-23 19:29:40,165] multiqc                                            [DEBUG  ]  File ignored by rseqc/read_distribution because it exceeded search pattern filesize limit: BC-0345798087.raw__raw_reads.read_2_val_2_fastqc.html
[2020-11-23 19:29:40,165] multiqc                                            [DEBUG  ]  File ignored by rseqc/infer_experiment because it exceeded search pattern filesize limit: BC-0345798087.raw__raw_reads.read_2_val_2_fastqc.html
[2020-11-23 19:29:40,279] multiqc                                            [DEBUG  ]  File ignored by hicexplorer because it exceeded search pattern filesize limit: BC-0345798943.raw__raw_reads.read_1_val_1_fastqc.html
[2020-11-23 19:29:40,282] multiqc                                            [DEBUG  ]  File ignored by longranger/invocation because it exceeded search pattern filesize limit: BC-0345798943.raw__raw_reads.read_1_val_1_fastqc.html
[2020-11-23 19:29:40,282] multiqc                                            [DEBUG  ]  File ignored by rockhopper because it exceeded search pattern filesize limit: BC-0345798943.raw__raw_reads.read_1_val_1_fastqc.html
[2020-11-23 19:29:40,283] multiqc                                            [DEBUG  ]  File ignored by rseqc/bam_stat because it exceeded search pattern filesize limit: BC-0345798943.raw__raw_reads.read_1_val_1_fastqc.html
[2020-11-23 19:29:40,283] multiqc                                            [DEBUG  ]  File ignored by rseqc/junction_annotation because it exceeded search pattern filesize limit: BC-0345798943.raw__raw_reads.read_1_val_1_fastqc.html
[2020-11-23 19:29:40,283] multiqc                                            [DEBUG  ]  File ignored by rseqc/read_distribution because it exceeded search pattern filesize limit: BC-0345798943.raw__raw_reads.read_1_val_1_fastqc.html
[2020-11-23 19:29:40,283] multiqc                                            [DEBUG  ]  File ignored by rseqc/infer_experiment because it exceeded search pattern filesize limit: BC-0345798943.raw__raw_reads.read_1_val_1_fastqc.html
[2020-11-23 19:29:40,382] multiqc                                            [DEBUG  ]  File ignored by hicexplorer because it exceeded search pattern filesize limit: BC-0345798943.raw__raw_reads.read_2_val_2_fastqc.html
[2020-11-23 19:29:40,385] multiqc                                            [DEBUG  ]  File ignored by longranger/invocation because it exceeded search pattern filesize limit: BC-0345798943.raw__raw_reads.read_2_val_2_fastqc.html
[2020-11-23 19:29:40,385] multiqc                                            [DEBUG  ]  File ignored by rockhopper because it exceeded search pattern filesize limit: BC-0345798943.raw__raw_reads.read_2_val_2_fastqc.html
[2020-11-23 19:29:40,385] multiqc                                            [DEBUG  ]  File ignored by rseqc/bam_stat because it exceeded search pattern filesize limit: BC-0345798943.raw__raw_reads.read_2_val_2_fastqc.html
[2020-11-23 19:29:40,385] multiqc                                            [DEBUG  ]  File ignored by rseqc/junction_annotation because it exceeded search pattern filesize limit: BC-0345798943.raw__raw_reads.read_2_val_2_fastqc.html
[2020-11-23 19:29:40,385] multiqc                                            [DEBUG  ]  File ignored by rseqc/read_distribution because it exceeded search pattern filesize limit: BC-0345798943.raw__raw_reads.read_2_val_2_fastqc.html
[2020-11-23 19:29:40,385] multiqc                                            [DEBUG  ]  File ignored by rseqc/infer_experiment because it exceeded search pattern filesize limit: BC-0345798943.raw__raw_reads.read_2_val_2_fastqc.html
[2020-11-23 19:29:40,512] multiqc                                            [DEBUG  ]  File ignored by hicexplorer because it exceeded search pattern filesize limit: BC-0345799013.raw__raw_reads.read_1_val_1_fastqc.html
[2020-11-23 19:29:40,515] multiqc                                            [DEBUG  ]  File ignored by longranger/invocation because it exceeded search pattern filesize limit: BC-0345799013.raw__raw_reads.read_1_val_1_fastqc.html
[2020-11-23 19:29:40,515] multiqc                                            [DEBUG  ]  File ignored by rockhopper because it exceeded search pattern filesize limit: BC-0345799013.raw__raw_reads.read_1_val_1_fastqc.html
[2020-11-23 19:29:40,515] multiqc                                            [DEBUG  ]  File ignored by rseqc/bam_stat because it exceeded search pattern filesize limit: BC-0345799013.raw__raw_reads.read_1_val_1_fastqc.html
[2020-11-23 19:29:40,515] multiqc                                            [DEBUG  ]  File ignored by rseqc/junction_annotation because it exceeded search pattern filesize limit: BC-0345799013.raw__raw_reads.read_1_val_1_fastqc.html
[2020-11-23 19:29:40,516] multiqc                                            [DEBUG  ]  File ignored by rseqc/read_distribution because it exceeded search pattern filesize limit: BC-0345799013.raw__raw_reads.read_1_val_1_fastqc.html
[2020-11-23 19:29:40,516] multiqc                                            [DEBUG  ]  File ignored by rseqc/infer_experiment because it exceeded search pattern filesize limit: BC-0345799013.raw__raw_reads.read_1_val_1_fastqc.html
[2020-11-23 19:29:40,621] multiqc                                            [DEBUG  ]  File ignored by hicexplorer because it exceeded search pattern filesize limit: BC-0345799013.raw__raw_reads.read_2_val_2_fastqc.html
[2020-11-23 19:29:40,624] multiqc                                            [DEBUG  ]  File ignored by longranger/invocation because it exceeded search pattern filesize limit: BC-0345799013.raw__raw_reads.read_2_val_2_fastqc.html
[2020-11-23 19:29:40,624] multiqc                                            [DEBUG  ]  File ignored by rockhopper because it exceeded search pattern filesize limit: BC-0345799013.raw__raw_reads.read_2_val_2_fastqc.html
[2020-11-23 19:29:40,625] multiqc                                            [DEBUG  ]  File ignored by rseqc/bam_stat because it exceeded search pattern filesize limit: BC-0345799013.raw__raw_reads.read_2_val_2_fastqc.html
[2020-11-23 19:29:40,625] multiqc                                            [DEBUG  ]  File ignored by rseqc/junction_annotation because it exceeded search pattern filesize limit: BC-0345799013.raw__raw_reads.read_2_val_2_fastqc.html
[2020-11-23 19:29:40,625] multiqc                                            [DEBUG  ]  File ignored by rseqc/read_distribution because it exceeded search pattern filesize limit: BC-0345799013.raw__raw_reads.read_2_val_2_fastqc.html
[2020-11-23 19:29:40,625] multiqc                                            [DEBUG  ]  File ignored by rseqc/infer_experiment because it exceeded search pattern filesize limit: BC-0345799013.raw__raw_reads.read_2_val_2_fastqc.html
[2020-11-23 19:29:40,742] multiqc                                            [DEBUG  ]  File ignored by hicexplorer because it exceeded search pattern filesize limit: BC-0361053718.raw__raw_reads.read_1_val_1_fastqc.html
[2020-11-23 19:29:40,746] multiqc                                            [DEBUG  ]  File ignored by longranger/invocation because it exceeded search pattern filesize limit: BC-0361053718.raw__raw_reads.read_1_val_1_fastqc.html
[2020-11-23 19:29:40,746] multiqc                                            [DEBUG  ]  File ignored by rockhopper because it exceeded search pattern filesize limit: BC-0361053718.raw__raw_reads.read_1_val_1_fastqc.html
[2020-11-23 19:29:40,746] multiqc                                            [DEBUG  ]  File ignored by rseqc/bam_stat because it exceeded search pattern filesize limit: BC-0361053718.raw__raw_reads.read_1_val_1_fastqc.html
[2020-11-23 19:29:40,746] multiqc                                            [DEBUG  ]  File ignored by rseqc/junction_annotation because it exceeded search pattern filesize limit: BC-0361053718.raw__raw_reads.read_1_val_1_fastqc.html
[2020-11-23 19:29:40,746] multiqc                                            [DEBUG  ]  File ignored by rseqc/read_distribution because it exceeded search pattern filesize limit: BC-0361053718.raw__raw_reads.read_1_val_1_fastqc.html
[2020-11-23 19:29:40,746] multiqc                                            [DEBUG  ]  File ignored by rseqc/infer_experiment because it exceeded search pattern filesize limit: BC-0361053718.raw__raw_reads.read_1_val_1_fastqc.html
[2020-11-23 19:29:40,837] multiqc                                            [DEBUG  ]  File ignored by hicexplorer because it exceeded search pattern filesize limit: BC-0361053718.raw__raw_reads.read_2_val_2_fastqc.html
[2020-11-23 19:29:40,840] multiqc                                            [DEBUG  ]  File ignored by longranger/invocation because it exceeded search pattern filesize limit: BC-0361053718.raw__raw_reads.read_2_val_2_fastqc.html
[2020-11-23 19:29:40,841] multiqc                                            [DEBUG  ]  File ignored by rockhopper because it exceeded search pattern filesize limit: BC-0361053718.raw__raw_reads.read_2_val_2_fastqc.html
[2020-11-23 19:29:40,841] multiqc                                            [DEBUG  ]  File ignored by rseqc/bam_stat because it exceeded search pattern filesize limit: BC-0361053718.raw__raw_reads.read_2_val_2_fastqc.html
[2020-11-23 19:29:40,841] multiqc                                            [DEBUG  ]  File ignored by rseqc/junction_annotation because it exceeded search pattern filesize limit: BC-0361053718.raw__raw_reads.read_2_val_2_fastqc.html
[2020-11-23 19:29:40,841] multiqc                                            [DEBUG  ]  File ignored by rseqc/read_distribution because it exceeded search pattern filesize limit: BC-0361053718.raw__raw_reads.read_2_val_2_fastqc.html
[2020-11-23 19:29:40,841] multiqc                                            [DEBUG  ]  File ignored by rseqc/infer_experiment because it exceeded search pattern filesize limit: BC-0361053718.raw__raw_reads.read_2_val_2_fastqc.html
[2020-11-23 19:29:40,961] multiqc                                            [DEBUG  ]  File ignored by hicexplorer because it exceeded search pattern filesize limit: BC-0361053744.raw__raw_reads.read_1_val_1_fastqc.html
[2020-11-23 19:29:40,965] multiqc                                            [DEBUG  ]  File ignored by longranger/invocation because it exceeded search pattern filesize limit: BC-0361053744.raw__raw_reads.read_1_val_1_fastqc.html
[2020-11-23 19:29:40,965] multiqc                                            [DEBUG  ]  File ignored by rockhopper because it exceeded search pattern filesize limit: BC-0361053744.raw__raw_reads.read_1_val_1_fastqc.html
[2020-11-23 19:29:40,965] multiqc                                            [DEBUG  ]  File ignored by rseqc/bam_stat because it exceeded search pattern filesize limit: BC-0361053744.raw__raw_reads.read_1_val_1_fastqc.html
[2020-11-23 19:29:40,965] multiqc                                            [DEBUG  ]  File ignored by rseqc/junction_annotation because it exceeded search pattern filesize limit: BC-0361053744.raw__raw_reads.read_1_val_1_fastqc.html
[2020-11-23 19:29:40,965] multiqc                                            [DEBUG  ]  File ignored by rseqc/read_distribution because it exceeded search pattern filesize limit: BC-0361053744.raw__raw_reads.read_1_val_1_fastqc.html
[2020-11-23 19:29:40,965] multiqc                                            [DEBUG  ]  File ignored by rseqc/infer_experiment because it exceeded search pattern filesize limit: BC-0361053744.raw__raw_reads.read_1_val_1_fastqc.html
[2020-11-23 19:29:41,067] multiqc                                            [DEBUG  ]  File ignored by hicexplorer because it exceeded search pattern filesize limit: BC-0361053744.raw__raw_reads.read_2_val_2_fastqc.html
[2020-11-23 19:29:41,071] multiqc                                            [DEBUG  ]  File ignored by longranger/invocation because it exceeded search pattern filesize limit: BC-0361053744.raw__raw_reads.read_2_val_2_fastqc.html
[2020-11-23 19:29:41,071] multiqc                                            [DEBUG  ]  File ignored by rockhopper because it exceeded search pattern filesize limit: BC-0361053744.raw__raw_reads.read_2_val_2_fastqc.html
[2020-11-23 19:29:41,071] multiqc                                            [DEBUG  ]  File ignored by rseqc/bam_stat because it exceeded search pattern filesize limit: BC-0361053744.raw__raw_reads.read_2_val_2_fastqc.html
[2020-11-23 19:29:41,071] multiqc                                            [DEBUG  ]  File ignored by rseqc/junction_annotation because it exceeded search pattern filesize limit: BC-0361053744.raw__raw_reads.read_2_val_2_fastqc.html
[2020-11-23 19:29:41,071] multiqc                                            [DEBUG  ]  File ignored by rseqc/read_distribution because it exceeded search pattern filesize limit: BC-0361053744.raw__raw_reads.read_2_val_2_fastqc.html
[2020-11-23 19:29:41,071] multiqc                                            [DEBUG  ]  File ignored by rseqc/infer_experiment because it exceeded search pattern filesize limit: BC-0361053744.raw__raw_reads.read_2_val_2_fastqc.html
[2020-11-23 19:29:41,136] multiqc                                            [DEBUG  ]  File ignored by hicexplorer because it exceeded search pattern filesize limit: BC-0361057091.raw__raw_reads.read_1_val_1_fastqc.html
[2020-11-23 19:29:41,140] multiqc                                            [DEBUG  ]  File ignored by longranger/invocation because it exceeded search pattern filesize limit: BC-0361057091.raw__raw_reads.read_1_val_1_fastqc.html
[2020-11-23 19:29:41,140] multiqc                                            [DEBUG  ]  File ignored by rockhopper because it exceeded search pattern filesize limit: BC-0361057091.raw__raw_reads.read_1_val_1_fastqc.html
[2020-11-23 19:29:41,140] multiqc                                            [DEBUG  ]  File ignored by rseqc/bam_stat because it exceeded search pattern filesize limit: BC-0361057091.raw__raw_reads.read_1_val_1_fastqc.html
[2020-11-23 19:29:41,140] multiqc                                            [DEBUG  ]  File ignored by rseqc/junction_annotation because it exceeded search pattern filesize limit: BC-0361057091.raw__raw_reads.read_1_val_1_fastqc.html
[2020-11-23 19:29:41,140] multiqc                                            [DEBUG  ]  File ignored by rseqc/read_distribution because it exceeded search pattern filesize limit: BC-0361057091.raw__raw_reads.read_1_val_1_fastqc.html
[2020-11-23 19:29:41,140] multiqc                                            [DEBUG  ]  File ignored by rseqc/infer_experiment because it exceeded search pattern filesize limit: BC-0361057091.raw__raw_reads.read_1_val_1_fastqc.html
[2020-11-23 19:29:41,209] multiqc                                            [DEBUG  ]  File ignored by hicexplorer because it exceeded search pattern filesize limit: BC-0361057091.raw__raw_reads.read_2_val_2_fastqc.html
[2020-11-23 19:29:41,213] multiqc                                            [DEBUG  ]  File ignored by longranger/invocation because it exceeded search pattern filesize limit: BC-0361057091.raw__raw_reads.read_2_val_2_fastqc.html
[2020-11-23 19:29:41,213] multiqc                                            [DEBUG  ]  File ignored by rockhopper because it exceeded search pattern filesize limit: BC-0361057091.raw__raw_reads.read_2_val_2_fastqc.html
[2020-11-23 19:29:41,213] multiqc                                            [DEBUG  ]  File ignored by rseqc/bam_stat because it exceeded search pattern filesize limit: BC-0361057091.raw__raw_reads.read_2_val_2_fastqc.html
[2020-11-23 19:29:41,213] multiqc                                            [DEBUG  ]  File ignored by rseqc/junction_annotation because it exceeded search pattern filesize limit: BC-0361057091.raw__raw_reads.read_2_val_2_fastqc.html
[2020-11-23 19:29:41,213] multiqc                                            [DEBUG  ]  File ignored by rseqc/read_distribution because it exceeded search pattern filesize limit: BC-0361057091.raw__raw_reads.read_2_val_2_fastqc.html
[2020-11-23 19:29:41,213] multiqc                                            [DEBUG  ]  File ignored by rseqc/infer_experiment because it exceeded search pattern filesize limit: BC-0361057091.raw__raw_reads.read_2_val_2_fastqc.html
[2020-11-23 19:29:42,803] multiqc.plots.bargraph                             [DEBUG  ]  Using matplotlib version 3.3.3
[2020-11-23 19:29:42,809] multiqc.plots.linegraph                            [DEBUG  ]  Using matplotlib version 3.3.3
[2020-11-23 19:29:42,823] multiqc                                            [DEBUG  ]  No samples found: custom_content
[2020-11-23 19:29:42,838] multiqc                                            [DEBUG  ]  No samples found: conpair
[2020-11-23 19:29:42,855] multiqc                                            [DEBUG  ]  No samples found: peddy
[2020-11-23 19:29:42,870] multiqc                                            [DEBUG  ]  No samples found: somalier
[2020-11-23 19:29:42,885] multiqc                                            [DEBUG  ]  No samples found: methylQA
[2020-11-23 19:29:42,918] multiqc                                            [DEBUG  ]  No samples found: mosdepth
[2020-11-23 19:29:42,933] multiqc                                            [DEBUG  ]  No samples found: phantompeakqualtools
[2020-11-23 19:29:42,942] multiqc                                            [DEBUG  ]  No samples found: qualimap
[2020-11-23 19:29:42,956] multiqc                                            [DEBUG  ]  No samples found: preseq
[2020-11-23 19:29:42,972] multiqc                                            [DEBUG  ]  No samples found: quast
[2020-11-23 19:29:42,987] multiqc                                            [DEBUG  ]  No samples found: qorts
[2020-11-23 19:29:43,002] multiqc                                            [DEBUG  ]  No samples found: rna_seqc
[2020-11-23 19:29:43,017] multiqc                                            [DEBUG  ]  No samples found: rockhopper
[2020-11-23 19:29:43,032] multiqc                                            [DEBUG  ]  No samples found: rsem
[2020-11-23 19:29:43,102] multiqc                                            [DEBUG  ]  No samples found: rseqc
[2020-11-23 19:29:43,116] multiqc                                            [DEBUG  ]  No samples found: busco
[2020-11-23 19:29:43,132] multiqc                                            [DEBUG  ]  No samples found: goleft_indexcov
[2020-11-23 19:29:43,147] multiqc                                            [DEBUG  ]  No samples found: disambiguate
[2020-11-23 19:29:43,161] multiqc                                            [DEBUG  ]  No samples found: supernova
[2020-11-23 19:29:43,228] multiqc                                            [DEBUG  ]  No samples found: deeptools
[2020-11-23 19:29:43,357] multiqc                                            [DEBUG  ]  No samples found: sargasso
[2020-11-23 19:29:43,373] multiqc                                            [DEBUG  ]  No samples found: verifybamid
[2020-11-23 19:29:43,387] multiqc                                            [DEBUG  ]  No samples found: mirtrace
[2020-11-23 19:29:43,402] multiqc                                            [DEBUG  ]  No samples found: happy
[2020-11-23 19:29:43,417] multiqc                                            [DEBUG  ]  No samples found: mirtop
[2020-11-23 19:29:43,444] multiqc                                            [DEBUG  ]  No samples found: homer
[2020-11-23 19:29:43,458] multiqc                                            [DEBUG  ]  No samples found: macs2
[2020-11-23 19:29:43,474] multiqc                                            [DEBUG  ]  No samples found: theta2
[2020-11-23 19:29:43,489] multiqc                                            [DEBUG  ]  No samples found: snpeff
[2020-11-23 19:29:43,523] multiqc                                            [DEBUG  ]  No samples found: gatk
[2020-11-23 19:29:43,537] multiqc                                            [DEBUG  ]  No samples found: htseq
[2020-11-23 19:29:43,556] multiqc                                            [DEBUG  ]  No samples found: bcftools
[2020-11-23 19:29:43,571] multiqc                                            [DEBUG  ]  No samples found: featureCounts
[2020-11-23 19:29:43,597] multiqc                                            [DEBUG  ]  No samples found: fgbio
[2020-11-23 19:29:43,670] multiqc                                            [DEBUG  ]  No samples found: dragen
[2020-11-23 19:29:43,685] multiqc                                            [DEBUG  ]  No samples found: dedup
[2020-11-23 19:29:43,700] multiqc                                            [DEBUG  ]  No samples found: damageprofiler
[2020-11-23 19:29:43,832] multiqc                                            [DEBUG  ]  No samples found: biobambam2
[2020-11-23 19:29:43,847] multiqc                                            [DEBUG  ]  No samples found: mtnucratio
[2020-11-23 19:29:43,850] multiqc                                            [DEBUG  ]  No samples found: picard
[2020-11-23 19:29:43,866] multiqc                                            [DEBUG  ]  No samples found: prokka
[2020-11-23 19:29:43,882] multiqc                                            [DEBUG  ]  No samples found: samblaster
[2020-11-23 19:29:43,920] multiqc                                            [DEBUG  ]  No samples found: samtools
[2020-11-23 19:29:43,935] multiqc                                            [DEBUG  ]  No samples found: sexdeterrmine
[2020-11-23 19:29:43,955] multiqc                                            [DEBUG  ]  No samples found: bamtools
[2020-11-23 19:29:43,970] multiqc                                            [DEBUG  ]  No samples found: jellyfish
[2020-11-23 19:29:44,008] multiqc                                            [DEBUG  ]  No samples found: vcftools
[2020-11-23 19:29:44,022] multiqc                                            [DEBUG  ]  No samples found: longranger
[2020-11-23 19:29:44,037] multiqc                                            [DEBUG  ]  No samples found: stacks
[2020-11-23 19:29:44,051] multiqc                                            [DEBUG  ]  No samples found: varscan2
[2020-11-23 19:29:44,144] multiqc                                            [DEBUG  ]  No samples found: bbmap
[2020-11-23 19:29:44,159] multiqc                                            [DEBUG  ]  No samples found: bismark
[2020-11-23 19:29:44,174] multiqc                                            [DEBUG  ]  No samples found: biscuit
[2020-11-23 19:29:44,188] multiqc                                            [DEBUG  ]  No samples found: hicexplorer
[2020-11-23 19:29:44,203] multiqc                                            [DEBUG  ]  No samples found: hicup
[2020-11-23 19:29:44,218] multiqc                                            [DEBUG  ]  No samples found: hicpro
[2020-11-23 19:29:44,233] multiqc                                            [DEBUG  ]  No samples found: salmon
[2020-11-23 19:29:44,247] multiqc                                            [DEBUG  ]  No samples found: kallisto
[2020-11-23 19:29:44,263] multiqc                                            [DEBUG  ]  No samples found: slamdunk
[2020-11-23 19:29:44,279] multiqc                                            [DEBUG  ]  No samples found: star
[2020-11-23 19:29:44,293] multiqc                                            [DEBUG  ]  No samples found: hisat2
[2020-11-23 19:29:44,307] multiqc                                            [DEBUG  ]  No samples found: tophat
[2020-11-23 19:29:44,322] multiqc                                            [DEBUG  ]  No samples found: bowtie2
[2020-11-23 19:29:44,337] multiqc                                            [DEBUG  ]  No samples found: bowtie1
[2020-11-23 19:29:44,351] multiqc                                            [DEBUG  ]  No samples found: snpsplit
[2020-11-23 19:29:44,365] multiqc                                            [DEBUG  ]  No samples found: kat
[2020-11-23 19:29:44,379] multiqc                                            [DEBUG  ]  No samples found: leehom
[2020-11-23 19:29:44,394] multiqc                                            [DEBUG  ]  No samples found: adapterRemoval
[2020-11-23 19:29:44,408] multiqc                                            [DEBUG  ]  No samples found: clipandmerge
[2020-11-23 19:29:44,423] multiqc                                            [DEBUG  ]  No samples found: cutadapt
[2020-11-23 19:29:44,437] multiqc                                            [DEBUG  ]  No samples found: flexbar
[2020-11-23 19:29:44,461] multiqc                                            [DEBUG  ]  No samples found: kaiju
[2020-11-23 19:29:44,475] multiqc                                            [DEBUG  ]  No samples found: kraken
[2020-11-23 19:29:44,490] multiqc                                            [DEBUG  ]  No samples found: malt
[2020-11-23 19:29:44,505] multiqc                                            [DEBUG  ]  No samples found: trimmomatic
[2020-11-23 19:29:44,519] multiqc                                            [DEBUG  ]  No samples found: sickle
[2020-11-23 19:29:44,542] multiqc                                            [DEBUG  ]  No samples found: skewer
[2020-11-23 19:29:44,559] multiqc                                            [DEBUG  ]  No samples found: sortmerna
[2020-11-23 19:29:44,574] multiqc                                            [DEBUG  ]  No samples found: biobloomtools
[2020-11-23 19:29:44,588] multiqc                                            [DEBUG  ]  No samples found: fastq_screen
[2020-11-23 19:29:44,602] multiqc                                            [DEBUG  ]  No samples found: afterqc
[2020-11-23 19:29:44,616] multiqc                                            [DEBUG  ]  No samples found: fastp
[2020-11-23 19:29:50,958] multiqc.modules.fastqc.fastqc                      [INFO   ]  Found 40 reports
[2020-11-23 19:29:51,189] multiqc                                            [DEBUG  ]  No samples found: pycoqc
[2020-11-23 19:29:51,204] multiqc                                            [DEBUG  ]  No samples found: minionqc
[2020-11-23 19:29:51,219] multiqc                                            [DEBUG  ]  No samples found: multivcfanalyzer
[2020-11-23 19:29:51,234] multiqc                                            [DEBUG  ]  No samples found: clusterflow
[2020-11-23 19:29:51,248] multiqc                                            [DEBUG  ]  No samples found: bcl2fastq
[2020-11-23 19:29:51,262] multiqc                                            [DEBUG  ]  No samples found: interop
[2020-11-23 19:29:51,277] multiqc                                            [DEBUG  ]  No samples found: ivar
[2020-11-23 19:29:51,291] multiqc                                            [DEBUG  ]  No samples found: flash
[2020-11-23 19:29:51,305] multiqc                                            [DEBUG  ]  No samples found: seqyclean
[2020-11-23 19:29:51,347] multiqc                                            [INFO   ]  Compressing plot data
[2020-11-23 19:29:51,771] multiqc                                            [INFO   ]  Report      : multiqc_report.html
[2020-11-23 19:29:51,772] multiqc                                            [INFO   ]  Data        : multiqc_data
[2020-11-23 19:29:51,772] multiqc                                            [DEBUG  ]  Moving data file from '/tmp/tmpwv7_bt2a/multiqc_data' to '/mnt/e/Desafio Genomica/multiqc_data'
[2020-11-23 19:29:53,118] multiqc                                            [INFO   ]  MultiQC complete
