[2020-11-22 22:48:37,024] multiqc                                            [DEBUG  ]  No MultiQC config found: /mnt/h/anaconda3/envs/fastqc/lib/python3.6/site-packages/multiqc_config.yaml
[2020-11-22 22:48:37,024] multiqc                                            [DEBUG  ]  No MultiQC config found: /home/gabo/.multiqc_config.yaml
[2020-11-22 22:48:37,024] multiqc                                            [DEBUG  ]  No MultiQC config found: multiqc_config.yaml
[2020-11-22 22:48:37,024] multiqc                                            [DEBUG  ]  Command used: /mnt/h/anaconda3/envs/fastqc/bin/multiqc ./fastqc
[2020-11-22 22:48:39,319] multiqc                                            [DEBUG  ]  Latest MultiQC version is v1.9
[2020-11-22 22:48:39,319] multiqc                                            [INFO   ]  This is MultiQC v1.9
[2020-11-22 22:48:39,320] multiqc                                            [DEBUG  ]  Command     : /mnt/h/anaconda3/envs/fastqc/bin/multiqc ./fastqc
[2020-11-22 22:48:39,320] multiqc                                            [DEBUG  ]  Working dir : /mnt/e/Desafio Genomica
[2020-11-22 22:48:39,320] multiqc                                            [INFO   ]  Template    : default
[2020-11-22 22:48:39,320] multiqc                                            [DEBUG  ]  Running Python 3.6.11 | packaged by conda-forge | (default, Aug  5 2020, 20:09:42)  [GCC 7.5.0]
[2020-11-22 22:48:39,320] multiqc                                            [INFO   ]  Searching   : /mnt/e/Desafio Genomica/fastqc
[2020-11-22 22:48:39,321] multiqc                                            [DEBUG  ]  Analysing modules: custom_content, conpair, peddy, somalier, methylQA, mosdepth, phantompeakqualtools, qualimap, preseq, quast, qorts, rna_seqc, rockhopper, rsem, rseqc, busco, goleft_indexcov, disambiguate, supernova, deeptools, sargasso, verifybamid, mirtrace, happy, mirtop, homer, macs2, theta2, snpeff, gatk, htseq, bcftools, featureCounts, fgbio, dragen, dedup, damageprofiler, biobambam2, mtnucratio, picard, prokka, samblaster, samtools, sexdeterrmine, bamtools, jellyfish, vcftools, longranger, stacks, varscan2, bbmap, bismark, biscuit, hicexplorer, hicup, hicpro, salmon, kallisto, slamdunk, star, hisat2, tophat, bowtie2, bowtie1, snpsplit, kat, leehom, adapterRemoval, clipandmerge, cutadapt, flexbar, kaiju, kraken, malt, trimmomatic, sickle, skewer, sortmerna, biobloomtools, fastq_screen, afterqc, fastp, fastqc, pycoqc, minionqc, multivcfanalyzer, clusterflow, bcl2fastq, interop, ivar, flash, seqyclean
[2020-11-22 22:48:39,321] multiqc                                            [DEBUG  ]  Using temporary directory for creating report: /tmp/tmpz4jz_t1z
[2020-11-22 22:48:39,651] multiqc                                            [DEBUG  ]  File ignored by hicexplorer because it exceeded search pattern filesize limit: BC-0345795864.raw__raw_reads.read_1_fastqc.html
[2020-11-22 22:48:39,655] multiqc                                            [DEBUG  ]  File ignored by longranger/invocation because it exceeded search pattern filesize limit: BC-0345795864.raw__raw_reads.read_1_fastqc.html
[2020-11-22 22:48:39,656] multiqc                                            [DEBUG  ]  File ignored by rockhopper because it exceeded search pattern filesize limit: BC-0345795864.raw__raw_reads.read_1_fastqc.html
[2020-11-22 22:48:39,656] multiqc                                            [DEBUG  ]  File ignored by rseqc/bam_stat because it exceeded search pattern filesize limit: BC-0345795864.raw__raw_reads.read_1_fastqc.html
[2020-11-22 22:48:39,656] multiqc                                            [DEBUG  ]  File ignored by rseqc/junction_annotation because it exceeded search pattern filesize limit: BC-0345795864.raw__raw_reads.read_1_fastqc.html
[2020-11-22 22:48:39,656] multiqc                                            [DEBUG  ]  File ignored by rseqc/read_distribution because it exceeded search pattern filesize limit: BC-0345795864.raw__raw_reads.read_1_fastqc.html
[2020-11-22 22:48:39,656] multiqc                                            [DEBUG  ]  File ignored by rseqc/infer_experiment because it exceeded search pattern filesize limit: BC-0345795864.raw__raw_reads.read_1_fastqc.html
[2020-11-22 22:48:39,806] multiqc                                            [DEBUG  ]  File ignored by hicexplorer because it exceeded search pattern filesize limit: BC-0345795864.raw__raw_reads.read_2_fastqc.html
[2020-11-22 22:48:39,809] multiqc                                            [DEBUG  ]  File ignored by longranger/invocation because it exceeded search pattern filesize limit: BC-0345795864.raw__raw_reads.read_2_fastqc.html
[2020-11-22 22:48:39,810] multiqc                                            [DEBUG  ]  File ignored by rockhopper because it exceeded search pattern filesize limit: BC-0345795864.raw__raw_reads.read_2_fastqc.html
[2020-11-22 22:48:39,810] multiqc                                            [DEBUG  ]  File ignored by rseqc/bam_stat because it exceeded search pattern filesize limit: BC-0345795864.raw__raw_reads.read_2_fastqc.html
[2020-11-22 22:48:39,810] multiqc                                            [DEBUG  ]  File ignored by rseqc/junction_annotation because it exceeded search pattern filesize limit: BC-0345795864.raw__raw_reads.read_2_fastqc.html
[2020-11-22 22:48:39,810] multiqc                                            [DEBUG  ]  File ignored by rseqc/read_distribution because it exceeded search pattern filesize limit: BC-0345795864.raw__raw_reads.read_2_fastqc.html
[2020-11-22 22:48:39,810] multiqc                                            [DEBUG  ]  File ignored by rseqc/infer_experiment because it exceeded search pattern filesize limit: BC-0345795864.raw__raw_reads.read_2_fastqc.html
[2020-11-22 22:48:39,955] multiqc                                            [DEBUG  ]  File ignored by hicexplorer because it exceeded search pattern filesize limit: BC-0345795896.raw__raw_reads.read_1_fastqc.html
[2020-11-22 22:48:39,958] multiqc                                            [DEBUG  ]  File ignored by longranger/invocation because it exceeded search pattern filesize limit: BC-0345795896.raw__raw_reads.read_1_fastqc.html
[2020-11-22 22:48:39,959] multiqc                                            [DEBUG  ]  File ignored by rockhopper because it exceeded search pattern filesize limit: BC-0345795896.raw__raw_reads.read_1_fastqc.html
[2020-11-22 22:48:39,959] multiqc                                            [DEBUG  ]  File ignored by rseqc/bam_stat because it exceeded search pattern filesize limit: BC-0345795896.raw__raw_reads.read_1_fastqc.html
[2020-11-22 22:48:39,959] multiqc                                            [DEBUG  ]  File ignored by rseqc/junction_annotation because it exceeded search pattern filesize limit: BC-0345795896.raw__raw_reads.read_1_fastqc.html
[2020-11-22 22:48:39,959] multiqc                                            [DEBUG  ]  File ignored by rseqc/read_distribution because it exceeded search pattern filesize limit: BC-0345795896.raw__raw_reads.read_1_fastqc.html
[2020-11-22 22:48:39,959] multiqc                                            [DEBUG  ]  File ignored by rseqc/infer_experiment because it exceeded search pattern filesize limit: BC-0345795896.raw__raw_reads.read_1_fastqc.html
[2020-11-22 22:48:40,105] multiqc                                            [DEBUG  ]  File ignored by hicexplorer because it exceeded search pattern filesize limit: BC-0345795896.raw__raw_reads.read_2_fastqc.html
[2020-11-22 22:48:40,109] multiqc                                            [DEBUG  ]  File ignored by longranger/invocation because it exceeded search pattern filesize limit: BC-0345795896.raw__raw_reads.read_2_fastqc.html
[2020-11-22 22:48:40,109] multiqc                                            [DEBUG  ]  File ignored by rockhopper because it exceeded search pattern filesize limit: BC-0345795896.raw__raw_reads.read_2_fastqc.html
[2020-11-22 22:48:40,109] multiqc                                            [DEBUG  ]  File ignored by rseqc/bam_stat because it exceeded search pattern filesize limit: BC-0345795896.raw__raw_reads.read_2_fastqc.html
[2020-11-22 22:48:40,109] multiqc                                            [DEBUG  ]  File ignored by rseqc/junction_annotation because it exceeded search pattern filesize limit: BC-0345795896.raw__raw_reads.read_2_fastqc.html
[2020-11-22 22:48:40,109] multiqc                                            [DEBUG  ]  File ignored by rseqc/read_distribution because it exceeded search pattern filesize limit: BC-0345795896.raw__raw_reads.read_2_fastqc.html
[2020-11-22 22:48:40,109] multiqc                                            [DEBUG  ]  File ignored by rseqc/infer_experiment because it exceeded search pattern filesize limit: BC-0345795896.raw__raw_reads.read_2_fastqc.html
[2020-11-22 22:48:40,255] multiqc                                            [DEBUG  ]  File ignored by hicexplorer because it exceeded search pattern filesize limit: BC-0345797312.raw__raw_reads.read_1_fastqc.html
[2020-11-22 22:48:40,259] multiqc                                            [DEBUG  ]  File ignored by longranger/invocation because it exceeded search pattern filesize limit: BC-0345797312.raw__raw_reads.read_1_fastqc.html
[2020-11-22 22:48:40,259] multiqc                                            [DEBUG  ]  File ignored by rockhopper because it exceeded search pattern filesize limit: BC-0345797312.raw__raw_reads.read_1_fastqc.html
[2020-11-22 22:48:40,259] multiqc                                            [DEBUG  ]  File ignored by rseqc/bam_stat because it exceeded search pattern filesize limit: BC-0345797312.raw__raw_reads.read_1_fastqc.html
[2020-11-22 22:48:40,259] multiqc                                            [DEBUG  ]  File ignored by rseqc/junction_annotation because it exceeded search pattern filesize limit: BC-0345797312.raw__raw_reads.read_1_fastqc.html
[2020-11-22 22:48:40,259] multiqc                                            [DEBUG  ]  File ignored by rseqc/read_distribution because it exceeded search pattern filesize limit: BC-0345797312.raw__raw_reads.read_1_fastqc.html
[2020-11-22 22:48:40,259] multiqc                                            [DEBUG  ]  File ignored by rseqc/infer_experiment because it exceeded search pattern filesize limit: BC-0345797312.raw__raw_reads.read_1_fastqc.html
[2020-11-22 22:48:40,398] multiqc                                            [DEBUG  ]  File ignored by hicexplorer because it exceeded search pattern filesize limit: BC-0345797312.raw__raw_reads.read_2_fastqc.html
[2020-11-22 22:48:40,402] multiqc                                            [DEBUG  ]  File ignored by longranger/invocation because it exceeded search pattern filesize limit: BC-0345797312.raw__raw_reads.read_2_fastqc.html
[2020-11-22 22:48:40,402] multiqc                                            [DEBUG  ]  File ignored by rockhopper because it exceeded search pattern filesize limit: BC-0345797312.raw__raw_reads.read_2_fastqc.html
[2020-11-22 22:48:40,402] multiqc                                            [DEBUG  ]  File ignored by rseqc/bam_stat because it exceeded search pattern filesize limit: BC-0345797312.raw__raw_reads.read_2_fastqc.html
[2020-11-22 22:48:40,402] multiqc                                            [DEBUG  ]  File ignored by rseqc/junction_annotation because it exceeded search pattern filesize limit: BC-0345797312.raw__raw_reads.read_2_fastqc.html
[2020-11-22 22:48:40,402] multiqc                                            [DEBUG  ]  File ignored by rseqc/read_distribution because it exceeded search pattern filesize limit: BC-0345797312.raw__raw_reads.read_2_fastqc.html
[2020-11-22 22:48:40,402] multiqc                                            [DEBUG  ]  File ignored by rseqc/infer_experiment because it exceeded search pattern filesize limit: BC-0345797312.raw__raw_reads.read_2_fastqc.html
[2020-11-22 22:48:40,543] multiqc                                            [DEBUG  ]  File ignored by hicexplorer because it exceeded search pattern filesize limit: BC-0345797317.raw__raw_reads.read_1_fastqc.html
[2020-11-22 22:48:40,547] multiqc                                            [DEBUG  ]  File ignored by longranger/invocation because it exceeded search pattern filesize limit: BC-0345797317.raw__raw_reads.read_1_fastqc.html
[2020-11-22 22:48:40,547] multiqc                                            [DEBUG  ]  File ignored by rockhopper because it exceeded search pattern filesize limit: BC-0345797317.raw__raw_reads.read_1_fastqc.html
[2020-11-22 22:48:40,547] multiqc                                            [DEBUG  ]  File ignored by rseqc/bam_stat because it exceeded search pattern filesize limit: BC-0345797317.raw__raw_reads.read_1_fastqc.html
[2020-11-22 22:48:40,547] multiqc                                            [DEBUG  ]  File ignored by rseqc/junction_annotation because it exceeded search pattern filesize limit: BC-0345797317.raw__raw_reads.read_1_fastqc.html
[2020-11-22 22:48:40,547] multiqc                                            [DEBUG  ]  File ignored by rseqc/read_distribution because it exceeded search pattern filesize limit: BC-0345797317.raw__raw_reads.read_1_fastqc.html
[2020-11-22 22:48:40,547] multiqc                                            [DEBUG  ]  File ignored by rseqc/infer_experiment because it exceeded search pattern filesize limit: BC-0345797317.raw__raw_reads.read_1_fastqc.html
[2020-11-22 22:48:40,686] multiqc                                            [DEBUG  ]  File ignored by hicexplorer because it exceeded search pattern filesize limit: BC-0345797317.raw__raw_reads.read_2_fastqc.html
[2020-11-22 22:48:40,689] multiqc                                            [DEBUG  ]  File ignored by longranger/invocation because it exceeded search pattern filesize limit: BC-0345797317.raw__raw_reads.read_2_fastqc.html
[2020-11-22 22:48:40,689] multiqc                                            [DEBUG  ]  File ignored by rockhopper because it exceeded search pattern filesize limit: BC-0345797317.raw__raw_reads.read_2_fastqc.html
[2020-11-22 22:48:40,689] multiqc                                            [DEBUG  ]  File ignored by rseqc/bam_stat because it exceeded search pattern filesize limit: BC-0345797317.raw__raw_reads.read_2_fastqc.html
[2020-11-22 22:48:40,689] multiqc                                            [DEBUG  ]  File ignored by rseqc/junction_annotation because it exceeded search pattern filesize limit: BC-0345797317.raw__raw_reads.read_2_fastqc.html
[2020-11-22 22:48:40,689] multiqc                                            [DEBUG  ]  File ignored by rseqc/read_distribution because it exceeded search pattern filesize limit: BC-0345797317.raw__raw_reads.read_2_fastqc.html
[2020-11-22 22:48:40,690] multiqc                                            [DEBUG  ]  File ignored by rseqc/infer_experiment because it exceeded search pattern filesize limit: BC-0345797317.raw__raw_reads.read_2_fastqc.html
[2020-11-22 22:48:40,837] multiqc                                            [DEBUG  ]  File ignored by hicexplorer because it exceeded search pattern filesize limit: BC-0345797602.raw__raw_reads.read_1_fastqc.html
[2020-11-22 22:48:40,841] multiqc                                            [DEBUG  ]  File ignored by longranger/invocation because it exceeded search pattern filesize limit: BC-0345797602.raw__raw_reads.read_1_fastqc.html
[2020-11-22 22:48:40,841] multiqc                                            [DEBUG  ]  File ignored by rockhopper because it exceeded search pattern filesize limit: BC-0345797602.raw__raw_reads.read_1_fastqc.html
[2020-11-22 22:48:40,841] multiqc                                            [DEBUG  ]  File ignored by rseqc/bam_stat because it exceeded search pattern filesize limit: BC-0345797602.raw__raw_reads.read_1_fastqc.html
[2020-11-22 22:48:40,841] multiqc                                            [DEBUG  ]  File ignored by rseqc/junction_annotation because it exceeded search pattern filesize limit: BC-0345797602.raw__raw_reads.read_1_fastqc.html
[2020-11-22 22:48:40,841] multiqc                                            [DEBUG  ]  File ignored by rseqc/read_distribution because it exceeded search pattern filesize limit: BC-0345797602.raw__raw_reads.read_1_fastqc.html
[2020-11-22 22:48:40,841] multiqc                                            [DEBUG  ]  File ignored by rseqc/infer_experiment because it exceeded search pattern filesize limit: BC-0345797602.raw__raw_reads.read_1_fastqc.html
[2020-11-22 22:48:40,986] multiqc                                            [DEBUG  ]  File ignored by hicexplorer because it exceeded search pattern filesize limit: BC-0345797602.raw__raw_reads.read_2_fastqc.html
[2020-11-22 22:48:40,989] multiqc                                            [DEBUG  ]  File ignored by longranger/invocation because it exceeded search pattern filesize limit: BC-0345797602.raw__raw_reads.read_2_fastqc.html
[2020-11-22 22:48:40,989] multiqc                                            [DEBUG  ]  File ignored by rockhopper because it exceeded search pattern filesize limit: BC-0345797602.raw__raw_reads.read_2_fastqc.html
[2020-11-22 22:48:40,989] multiqc                                            [DEBUG  ]  File ignored by rseqc/bam_stat because it exceeded search pattern filesize limit: BC-0345797602.raw__raw_reads.read_2_fastqc.html
[2020-11-22 22:48:40,989] multiqc                                            [DEBUG  ]  File ignored by rseqc/junction_annotation because it exceeded search pattern filesize limit: BC-0345797602.raw__raw_reads.read_2_fastqc.html
[2020-11-22 22:48:40,989] multiqc                                            [DEBUG  ]  File ignored by rseqc/read_distribution because it exceeded search pattern filesize limit: BC-0345797602.raw__raw_reads.read_2_fastqc.html
[2020-11-22 22:48:40,989] multiqc                                            [DEBUG  ]  File ignored by rseqc/infer_experiment because it exceeded search pattern filesize limit: BC-0345797602.raw__raw_reads.read_2_fastqc.html
[2020-11-22 22:48:41,129] multiqc                                            [DEBUG  ]  File ignored by hicexplorer because it exceeded search pattern filesize limit: BC-0345797632.raw__raw_reads.read_1_fastqc.html
[2020-11-22 22:48:41,132] multiqc                                            [DEBUG  ]  File ignored by longranger/invocation because it exceeded search pattern filesize limit: BC-0345797632.raw__raw_reads.read_1_fastqc.html
[2020-11-22 22:48:41,133] multiqc                                            [DEBUG  ]  File ignored by rockhopper because it exceeded search pattern filesize limit: BC-0345797632.raw__raw_reads.read_1_fastqc.html
[2020-11-22 22:48:41,133] multiqc                                            [DEBUG  ]  File ignored by rseqc/bam_stat because it exceeded search pattern filesize limit: BC-0345797632.raw__raw_reads.read_1_fastqc.html
[2020-11-22 22:48:41,133] multiqc                                            [DEBUG  ]  File ignored by rseqc/junction_annotation because it exceeded search pattern filesize limit: BC-0345797632.raw__raw_reads.read_1_fastqc.html
[2020-11-22 22:48:41,133] multiqc                                            [DEBUG  ]  File ignored by rseqc/read_distribution because it exceeded search pattern filesize limit: BC-0345797632.raw__raw_reads.read_1_fastqc.html
[2020-11-22 22:48:41,133] multiqc                                            [DEBUG  ]  File ignored by rseqc/infer_experiment because it exceeded search pattern filesize limit: BC-0345797632.raw__raw_reads.read_1_fastqc.html
[2020-11-22 22:48:41,280] multiqc                                            [DEBUG  ]  File ignored by hicexplorer because it exceeded search pattern filesize limit: BC-0345797632.raw__raw_reads.read_2_fastqc.html
[2020-11-22 22:48:41,283] multiqc                                            [DEBUG  ]  File ignored by longranger/invocation because it exceeded search pattern filesize limit: BC-0345797632.raw__raw_reads.read_2_fastqc.html
[2020-11-22 22:48:41,283] multiqc                                            [DEBUG  ]  File ignored by rockhopper because it exceeded search pattern filesize limit: BC-0345797632.raw__raw_reads.read_2_fastqc.html
[2020-11-22 22:48:41,283] multiqc                                            [DEBUG  ]  File ignored by rseqc/bam_stat because it exceeded search pattern filesize limit: BC-0345797632.raw__raw_reads.read_2_fastqc.html
[2020-11-22 22:48:41,284] multiqc                                            [DEBUG  ]  File ignored by rseqc/junction_annotation because it exceeded search pattern filesize limit: BC-0345797632.raw__raw_reads.read_2_fastqc.html
[2020-11-22 22:48:41,284] multiqc                                            [DEBUG  ]  File ignored by rseqc/read_distribution because it exceeded search pattern filesize limit: BC-0345797632.raw__raw_reads.read_2_fastqc.html
[2020-11-22 22:48:41,284] multiqc                                            [DEBUG  ]  File ignored by rseqc/infer_experiment because it exceeded search pattern filesize limit: BC-0345797632.raw__raw_reads.read_2_fastqc.html
[2020-11-22 22:48:41,428] multiqc                                            [DEBUG  ]  File ignored by hicexplorer because it exceeded search pattern filesize limit: BC-0345797636.raw__raw_reads.read_1_fastqc.html
[2020-11-22 22:48:41,431] multiqc                                            [DEBUG  ]  File ignored by longranger/invocation because it exceeded search pattern filesize limit: BC-0345797636.raw__raw_reads.read_1_fastqc.html
[2020-11-22 22:48:41,432] multiqc                                            [DEBUG  ]  File ignored by rockhopper because it exceeded search pattern filesize limit: BC-0345797636.raw__raw_reads.read_1_fastqc.html
[2020-11-22 22:48:41,432] multiqc                                            [DEBUG  ]  File ignored by rseqc/bam_stat because it exceeded search pattern filesize limit: BC-0345797636.raw__raw_reads.read_1_fastqc.html
[2020-11-22 22:48:41,432] multiqc                                            [DEBUG  ]  File ignored by rseqc/junction_annotation because it exceeded search pattern filesize limit: BC-0345797636.raw__raw_reads.read_1_fastqc.html
[2020-11-22 22:48:41,432] multiqc                                            [DEBUG  ]  File ignored by rseqc/read_distribution because it exceeded search pattern filesize limit: BC-0345797636.raw__raw_reads.read_1_fastqc.html
[2020-11-22 22:48:41,432] multiqc                                            [DEBUG  ]  File ignored by rseqc/infer_experiment because it exceeded search pattern filesize limit: BC-0345797636.raw__raw_reads.read_1_fastqc.html
[2020-11-22 22:48:41,582] multiqc                                            [DEBUG  ]  File ignored by hicexplorer because it exceeded search pattern filesize limit: BC-0345797636.raw__raw_reads.read_2_fastqc.html
[2020-11-22 22:48:41,585] multiqc                                            [DEBUG  ]  File ignored by longranger/invocation because it exceeded search pattern filesize limit: BC-0345797636.raw__raw_reads.read_2_fastqc.html
[2020-11-22 22:48:41,585] multiqc                                            [DEBUG  ]  File ignored by rockhopper because it exceeded search pattern filesize limit: BC-0345797636.raw__raw_reads.read_2_fastqc.html
[2020-11-22 22:48:41,585] multiqc                                            [DEBUG  ]  File ignored by rseqc/bam_stat because it exceeded search pattern filesize limit: BC-0345797636.raw__raw_reads.read_2_fastqc.html
[2020-11-22 22:48:41,585] multiqc                                            [DEBUG  ]  File ignored by rseqc/junction_annotation because it exceeded search pattern filesize limit: BC-0345797636.raw__raw_reads.read_2_fastqc.html
[2020-11-22 22:48:41,585] multiqc                                            [DEBUG  ]  File ignored by rseqc/read_distribution because it exceeded search pattern filesize limit: BC-0345797636.raw__raw_reads.read_2_fastqc.html
[2020-11-22 22:48:41,586] multiqc                                            [DEBUG  ]  File ignored by rseqc/infer_experiment because it exceeded search pattern filesize limit: BC-0345797636.raw__raw_reads.read_2_fastqc.html
[2020-11-22 22:48:41,746] multiqc                                            [DEBUG  ]  File ignored by hicexplorer because it exceeded search pattern filesize limit: BC-0345797641.raw__raw_reads.read_1_fastqc.html
[2020-11-22 22:48:41,749] multiqc                                            [DEBUG  ]  File ignored by longranger/invocation because it exceeded search pattern filesize limit: BC-0345797641.raw__raw_reads.read_1_fastqc.html
[2020-11-22 22:48:41,749] multiqc                                            [DEBUG  ]  File ignored by rockhopper because it exceeded search pattern filesize limit: BC-0345797641.raw__raw_reads.read_1_fastqc.html
[2020-11-22 22:48:41,749] multiqc                                            [DEBUG  ]  File ignored by rseqc/bam_stat because it exceeded search pattern filesize limit: BC-0345797641.raw__raw_reads.read_1_fastqc.html
[2020-11-22 22:48:41,750] multiqc                                            [DEBUG  ]  File ignored by rseqc/junction_annotation because it exceeded search pattern filesize limit: BC-0345797641.raw__raw_reads.read_1_fastqc.html
[2020-11-22 22:48:41,750] multiqc                                            [DEBUG  ]  File ignored by rseqc/read_distribution because it exceeded search pattern filesize limit: BC-0345797641.raw__raw_reads.read_1_fastqc.html
[2020-11-22 22:48:41,750] multiqc                                            [DEBUG  ]  File ignored by rseqc/infer_experiment because it exceeded search pattern filesize limit: BC-0345797641.raw__raw_reads.read_1_fastqc.html
[2020-11-22 22:48:41,893] multiqc                                            [DEBUG  ]  File ignored by hicexplorer because it exceeded search pattern filesize limit: BC-0345797641.raw__raw_reads.read_2_fastqc.html
[2020-11-22 22:48:41,896] multiqc                                            [DEBUG  ]  File ignored by longranger/invocation because it exceeded search pattern filesize limit: BC-0345797641.raw__raw_reads.read_2_fastqc.html
[2020-11-22 22:48:41,896] multiqc                                            [DEBUG  ]  File ignored by rockhopper because it exceeded search pattern filesize limit: BC-0345797641.raw__raw_reads.read_2_fastqc.html
[2020-11-22 22:48:41,896] multiqc                                            [DEBUG  ]  File ignored by rseqc/bam_stat because it exceeded search pattern filesize limit: BC-0345797641.raw__raw_reads.read_2_fastqc.html
[2020-11-22 22:48:41,896] multiqc                                            [DEBUG  ]  File ignored by rseqc/junction_annotation because it exceeded search pattern filesize limit: BC-0345797641.raw__raw_reads.read_2_fastqc.html
[2020-11-22 22:48:41,896] multiqc                                            [DEBUG  ]  File ignored by rseqc/read_distribution because it exceeded search pattern filesize limit: BC-0345797641.raw__raw_reads.read_2_fastqc.html
[2020-11-22 22:48:41,896] multiqc                                            [DEBUG  ]  File ignored by rseqc/infer_experiment because it exceeded search pattern filesize limit: BC-0345797641.raw__raw_reads.read_2_fastqc.html
[2020-11-22 22:48:42,035] multiqc                                            [DEBUG  ]  File ignored by hicexplorer because it exceeded search pattern filesize limit: BC-0345797645.raw__raw_reads.read_1_fastqc.html
[2020-11-22 22:48:42,038] multiqc                                            [DEBUG  ]  File ignored by longranger/invocation because it exceeded search pattern filesize limit: BC-0345797645.raw__raw_reads.read_1_fastqc.html
[2020-11-22 22:48:42,039] multiqc                                            [DEBUG  ]  File ignored by rockhopper because it exceeded search pattern filesize limit: BC-0345797645.raw__raw_reads.read_1_fastqc.html
[2020-11-22 22:48:42,039] multiqc                                            [DEBUG  ]  File ignored by rseqc/bam_stat because it exceeded search pattern filesize limit: BC-0345797645.raw__raw_reads.read_1_fastqc.html
[2020-11-22 22:48:42,039] multiqc                                            [DEBUG  ]  File ignored by rseqc/junction_annotation because it exceeded search pattern filesize limit: BC-0345797645.raw__raw_reads.read_1_fastqc.html
[2020-11-22 22:48:42,039] multiqc                                            [DEBUG  ]  File ignored by rseqc/read_distribution because it exceeded search pattern filesize limit: BC-0345797645.raw__raw_reads.read_1_fastqc.html
[2020-11-22 22:48:42,039] multiqc                                            [DEBUG  ]  File ignored by rseqc/infer_experiment because it exceeded search pattern filesize limit: BC-0345797645.raw__raw_reads.read_1_fastqc.html
[2020-11-22 22:48:42,191] multiqc                                            [DEBUG  ]  File ignored by hicexplorer because it exceeded search pattern filesize limit: BC-0345797645.raw__raw_reads.read_2_fastqc.html
[2020-11-22 22:48:42,195] multiqc                                            [DEBUG  ]  File ignored by longranger/invocation because it exceeded search pattern filesize limit: BC-0345797645.raw__raw_reads.read_2_fastqc.html
[2020-11-22 22:48:42,195] multiqc                                            [DEBUG  ]  File ignored by rockhopper because it exceeded search pattern filesize limit: BC-0345797645.raw__raw_reads.read_2_fastqc.html
[2020-11-22 22:48:42,195] multiqc                                            [DEBUG  ]  File ignored by rseqc/bam_stat because it exceeded search pattern filesize limit: BC-0345797645.raw__raw_reads.read_2_fastqc.html
[2020-11-22 22:48:42,196] multiqc                                            [DEBUG  ]  File ignored by rseqc/junction_annotation because it exceeded search pattern filesize limit: BC-0345797645.raw__raw_reads.read_2_fastqc.html
[2020-11-22 22:48:42,196] multiqc                                            [DEBUG  ]  File ignored by rseqc/read_distribution because it exceeded search pattern filesize limit: BC-0345797645.raw__raw_reads.read_2_fastqc.html
[2020-11-22 22:48:42,196] multiqc                                            [DEBUG  ]  File ignored by rseqc/infer_experiment because it exceeded search pattern filesize limit: BC-0345797645.raw__raw_reads.read_2_fastqc.html
[2020-11-22 22:48:42,363] multiqc                                            [DEBUG  ]  File ignored by hicexplorer because it exceeded search pattern filesize limit: BC-0345797686.raw__raw_reads.read_1_fastqc.html
[2020-11-22 22:48:42,367] multiqc                                            [DEBUG  ]  File ignored by longranger/invocation because it exceeded search pattern filesize limit: BC-0345797686.raw__raw_reads.read_1_fastqc.html
[2020-11-22 22:48:42,367] multiqc                                            [DEBUG  ]  File ignored by rockhopper because it exceeded search pattern filesize limit: BC-0345797686.raw__raw_reads.read_1_fastqc.html
[2020-11-22 22:48:42,367] multiqc                                            [DEBUG  ]  File ignored by rseqc/bam_stat because it exceeded search pattern filesize limit: BC-0345797686.raw__raw_reads.read_1_fastqc.html
[2020-11-22 22:48:42,367] multiqc                                            [DEBUG  ]  File ignored by rseqc/junction_annotation because it exceeded search pattern filesize limit: BC-0345797686.raw__raw_reads.read_1_fastqc.html
[2020-11-22 22:48:42,367] multiqc                                            [DEBUG  ]  File ignored by rseqc/read_distribution because it exceeded search pattern filesize limit: BC-0345797686.raw__raw_reads.read_1_fastqc.html
[2020-11-22 22:48:42,367] multiqc                                            [DEBUG  ]  File ignored by rseqc/infer_experiment because it exceeded search pattern filesize limit: BC-0345797686.raw__raw_reads.read_1_fastqc.html
[2020-11-22 22:48:42,553] multiqc                                            [DEBUG  ]  File ignored by hicexplorer because it exceeded search pattern filesize limit: BC-0345797686.raw__raw_reads.read_2_fastqc.html
[2020-11-22 22:48:42,556] multiqc                                            [DEBUG  ]  File ignored by longranger/invocation because it exceeded search pattern filesize limit: BC-0345797686.raw__raw_reads.read_2_fastqc.html
[2020-11-22 22:48:42,556] multiqc                                            [DEBUG  ]  File ignored by rockhopper because it exceeded search pattern filesize limit: BC-0345797686.raw__raw_reads.read_2_fastqc.html
[2020-11-22 22:48:42,556] multiqc                                            [DEBUG  ]  File ignored by rseqc/bam_stat because it exceeded search pattern filesize limit: BC-0345797686.raw__raw_reads.read_2_fastqc.html
[2020-11-22 22:48:42,556] multiqc                                            [DEBUG  ]  File ignored by rseqc/junction_annotation because it exceeded search pattern filesize limit: BC-0345797686.raw__raw_reads.read_2_fastqc.html
[2020-11-22 22:48:42,556] multiqc                                            [DEBUG  ]  File ignored by rseqc/read_distribution because it exceeded search pattern filesize limit: BC-0345797686.raw__raw_reads.read_2_fastqc.html
[2020-11-22 22:48:42,557] multiqc                                            [DEBUG  ]  File ignored by rseqc/infer_experiment because it exceeded search pattern filesize limit: BC-0345797686.raw__raw_reads.read_2_fastqc.html
[2020-11-22 22:48:42,698] multiqc                                            [DEBUG  ]  File ignored by hicexplorer because it exceeded search pattern filesize limit: BC-0345797802.raw__raw_reads.read_1_fastqc.html
[2020-11-22 22:48:42,701] multiqc                                            [DEBUG  ]  File ignored by longranger/invocation because it exceeded search pattern filesize limit: BC-0345797802.raw__raw_reads.read_1_fastqc.html
[2020-11-22 22:48:42,701] multiqc                                            [DEBUG  ]  File ignored by rockhopper because it exceeded search pattern filesize limit: BC-0345797802.raw__raw_reads.read_1_fastqc.html
[2020-11-22 22:48:42,701] multiqc                                            [DEBUG  ]  File ignored by rseqc/bam_stat because it exceeded search pattern filesize limit: BC-0345797802.raw__raw_reads.read_1_fastqc.html
[2020-11-22 22:48:42,701] multiqc                                            [DEBUG  ]  File ignored by rseqc/junction_annotation because it exceeded search pattern filesize limit: BC-0345797802.raw__raw_reads.read_1_fastqc.html
[2020-11-22 22:48:42,701] multiqc                                            [DEBUG  ]  File ignored by rseqc/read_distribution because it exceeded search pattern filesize limit: BC-0345797802.raw__raw_reads.read_1_fastqc.html
[2020-11-22 22:48:42,701] multiqc                                            [DEBUG  ]  File ignored by rseqc/infer_experiment because it exceeded search pattern filesize limit: BC-0345797802.raw__raw_reads.read_1_fastqc.html
[2020-11-22 22:48:42,843] multiqc                                            [DEBUG  ]  File ignored by hicexplorer because it exceeded search pattern filesize limit: BC-0345797802.raw__raw_reads.read_2_fastqc.html
[2020-11-22 22:48:42,846] multiqc                                            [DEBUG  ]  File ignored by longranger/invocation because it exceeded search pattern filesize limit: BC-0345797802.raw__raw_reads.read_2_fastqc.html
[2020-11-22 22:48:42,846] multiqc                                            [DEBUG  ]  File ignored by rockhopper because it exceeded search pattern filesize limit: BC-0345797802.raw__raw_reads.read_2_fastqc.html
[2020-11-22 22:48:42,846] multiqc                                            [DEBUG  ]  File ignored by rseqc/bam_stat because it exceeded search pattern filesize limit: BC-0345797802.raw__raw_reads.read_2_fastqc.html
[2020-11-22 22:48:42,846] multiqc                                            [DEBUG  ]  File ignored by rseqc/junction_annotation because it exceeded search pattern filesize limit: BC-0345797802.raw__raw_reads.read_2_fastqc.html
[2020-11-22 22:48:42,847] multiqc                                            [DEBUG  ]  File ignored by rseqc/read_distribution because it exceeded search pattern filesize limit: BC-0345797802.raw__raw_reads.read_2_fastqc.html
[2020-11-22 22:48:42,847] multiqc                                            [DEBUG  ]  File ignored by rseqc/infer_experiment because it exceeded search pattern filesize limit: BC-0345797802.raw__raw_reads.read_2_fastqc.html
[2020-11-22 22:48:42,989] multiqc                                            [DEBUG  ]  File ignored by hicexplorer because it exceeded search pattern filesize limit: BC-0345797815.raw__raw_reads.read_1_fastqc.html
[2020-11-22 22:48:42,992] multiqc                                            [DEBUG  ]  File ignored by longranger/invocation because it exceeded search pattern filesize limit: BC-0345797815.raw__raw_reads.read_1_fastqc.html
[2020-11-22 22:48:42,992] multiqc                                            [DEBUG  ]  File ignored by rockhopper because it exceeded search pattern filesize limit: BC-0345797815.raw__raw_reads.read_1_fastqc.html
[2020-11-22 22:48:42,993] multiqc                                            [DEBUG  ]  File ignored by rseqc/bam_stat because it exceeded search pattern filesize limit: BC-0345797815.raw__raw_reads.read_1_fastqc.html
[2020-11-22 22:48:42,993] multiqc                                            [DEBUG  ]  File ignored by rseqc/junction_annotation because it exceeded search pattern filesize limit: BC-0345797815.raw__raw_reads.read_1_fastqc.html
[2020-11-22 22:48:42,993] multiqc                                            [DEBUG  ]  File ignored by rseqc/read_distribution because it exceeded search pattern filesize limit: BC-0345797815.raw__raw_reads.read_1_fastqc.html
[2020-11-22 22:48:42,993] multiqc                                            [DEBUG  ]  File ignored by rseqc/infer_experiment because it exceeded search pattern filesize limit: BC-0345797815.raw__raw_reads.read_1_fastqc.html
[2020-11-22 22:48:43,136] multiqc                                            [DEBUG  ]  File ignored by hicexplorer because it exceeded search pattern filesize limit: BC-0345797815.raw__raw_reads.read_2_fastqc.html
[2020-11-22 22:48:43,139] multiqc                                            [DEBUG  ]  File ignored by longranger/invocation because it exceeded search pattern filesize limit: BC-0345797815.raw__raw_reads.read_2_fastqc.html
[2020-11-22 22:48:43,140] multiqc                                            [DEBUG  ]  File ignored by rockhopper because it exceeded search pattern filesize limit: BC-0345797815.raw__raw_reads.read_2_fastqc.html
[2020-11-22 22:48:43,140] multiqc                                            [DEBUG  ]  File ignored by rseqc/bam_stat because it exceeded search pattern filesize limit: BC-0345797815.raw__raw_reads.read_2_fastqc.html
[2020-11-22 22:48:43,140] multiqc                                            [DEBUG  ]  File ignored by rseqc/junction_annotation because it exceeded search pattern filesize limit: BC-0345797815.raw__raw_reads.read_2_fastqc.html
[2020-11-22 22:48:43,140] multiqc                                            [DEBUG  ]  File ignored by rseqc/read_distribution because it exceeded search pattern filesize limit: BC-0345797815.raw__raw_reads.read_2_fastqc.html
[2020-11-22 22:48:43,140] multiqc                                            [DEBUG  ]  File ignored by rseqc/infer_experiment because it exceeded search pattern filesize limit: BC-0345797815.raw__raw_reads.read_2_fastqc.html
[2020-11-22 22:48:43,290] multiqc                                            [DEBUG  ]  File ignored by hicexplorer because it exceeded search pattern filesize limit: BC-0345797817.raw__raw_reads.read_1_fastqc.html
[2020-11-22 22:48:43,294] multiqc                                            [DEBUG  ]  File ignored by longranger/invocation because it exceeded search pattern filesize limit: BC-0345797817.raw__raw_reads.read_1_fastqc.html
[2020-11-22 22:48:43,294] multiqc                                            [DEBUG  ]  File ignored by rockhopper because it exceeded search pattern filesize limit: BC-0345797817.raw__raw_reads.read_1_fastqc.html
[2020-11-22 22:48:43,294] multiqc                                            [DEBUG  ]  File ignored by rseqc/bam_stat because it exceeded search pattern filesize limit: BC-0345797817.raw__raw_reads.read_1_fastqc.html
[2020-11-22 22:48:43,294] multiqc                                            [DEBUG  ]  File ignored by rseqc/junction_annotation because it exceeded search pattern filesize limit: BC-0345797817.raw__raw_reads.read_1_fastqc.html
[2020-11-22 22:48:43,294] multiqc                                            [DEBUG  ]  File ignored by rseqc/read_distribution because it exceeded search pattern filesize limit: BC-0345797817.raw__raw_reads.read_1_fastqc.html
[2020-11-22 22:48:43,294] multiqc                                            [DEBUG  ]  File ignored by rseqc/infer_experiment because it exceeded search pattern filesize limit: BC-0345797817.raw__raw_reads.read_1_fastqc.html
[2020-11-22 22:48:43,447] multiqc                                            [DEBUG  ]  File ignored by hicexplorer because it exceeded search pattern filesize limit: BC-0345797817.raw__raw_reads.read_2_fastqc.html
[2020-11-22 22:48:43,450] multiqc                                            [DEBUG  ]  File ignored by longranger/invocation because it exceeded search pattern filesize limit: BC-0345797817.raw__raw_reads.read_2_fastqc.html
[2020-11-22 22:48:43,450] multiqc                                            [DEBUG  ]  File ignored by rockhopper because it exceeded search pattern filesize limit: BC-0345797817.raw__raw_reads.read_2_fastqc.html
[2020-11-22 22:48:43,450] multiqc                                            [DEBUG  ]  File ignored by rseqc/bam_stat because it exceeded search pattern filesize limit: BC-0345797817.raw__raw_reads.read_2_fastqc.html
[2020-11-22 22:48:43,450] multiqc                                            [DEBUG  ]  File ignored by rseqc/junction_annotation because it exceeded search pattern filesize limit: BC-0345797817.raw__raw_reads.read_2_fastqc.html
[2020-11-22 22:48:43,450] multiqc                                            [DEBUG  ]  File ignored by rseqc/read_distribution because it exceeded search pattern filesize limit: BC-0345797817.raw__raw_reads.read_2_fastqc.html
[2020-11-22 22:48:43,450] multiqc                                            [DEBUG  ]  File ignored by rseqc/infer_experiment because it exceeded search pattern filesize limit: BC-0345797817.raw__raw_reads.read_2_fastqc.html
[2020-11-22 22:48:43,626] multiqc                                            [DEBUG  ]  File ignored by hicexplorer because it exceeded search pattern filesize limit: BC-0345797839.raw__raw_reads.read_1_fastqc.html
[2020-11-22 22:48:43,629] multiqc                                            [DEBUG  ]  File ignored by longranger/invocation because it exceeded search pattern filesize limit: BC-0345797839.raw__raw_reads.read_1_fastqc.html
[2020-11-22 22:48:43,629] multiqc                                            [DEBUG  ]  File ignored by rockhopper because it exceeded search pattern filesize limit: BC-0345797839.raw__raw_reads.read_1_fastqc.html
[2020-11-22 22:48:43,629] multiqc                                            [DEBUG  ]  File ignored by rseqc/bam_stat because it exceeded search pattern filesize limit: BC-0345797839.raw__raw_reads.read_1_fastqc.html
[2020-11-22 22:48:43,629] multiqc                                            [DEBUG  ]  File ignored by rseqc/junction_annotation because it exceeded search pattern filesize limit: BC-0345797839.raw__raw_reads.read_1_fastqc.html
[2020-11-22 22:48:43,629] multiqc                                            [DEBUG  ]  File ignored by rseqc/read_distribution because it exceeded search pattern filesize limit: BC-0345797839.raw__raw_reads.read_1_fastqc.html
[2020-11-22 22:48:43,629] multiqc                                            [DEBUG  ]  File ignored by rseqc/infer_experiment because it exceeded search pattern filesize limit: BC-0345797839.raw__raw_reads.read_1_fastqc.html
[2020-11-22 22:48:43,823] multiqc                                            [DEBUG  ]  File ignored by hicexplorer because it exceeded search pattern filesize limit: BC-0345797839.raw__raw_reads.read_2_fastqc.html
[2020-11-22 22:48:43,827] multiqc                                            [DEBUG  ]  File ignored by longranger/invocation because it exceeded search pattern filesize limit: BC-0345797839.raw__raw_reads.read_2_fastqc.html
[2020-11-22 22:48:43,827] multiqc                                            [DEBUG  ]  File ignored by rockhopper because it exceeded search pattern filesize limit: BC-0345797839.raw__raw_reads.read_2_fastqc.html
[2020-11-22 22:48:43,827] multiqc                                            [DEBUG  ]  File ignored by rseqc/bam_stat because it exceeded search pattern filesize limit: BC-0345797839.raw__raw_reads.read_2_fastqc.html
[2020-11-22 22:48:43,827] multiqc                                            [DEBUG  ]  File ignored by rseqc/junction_annotation because it exceeded search pattern filesize limit: BC-0345797839.raw__raw_reads.read_2_fastqc.html
[2020-11-22 22:48:43,827] multiqc                                            [DEBUG  ]  File ignored by rseqc/read_distribution because it exceeded search pattern filesize limit: BC-0345797839.raw__raw_reads.read_2_fastqc.html
[2020-11-22 22:48:43,827] multiqc                                            [DEBUG  ]  File ignored by rseqc/infer_experiment because it exceeded search pattern filesize limit: BC-0345797839.raw__raw_reads.read_2_fastqc.html
[2020-11-22 22:48:43,963] multiqc                                            [DEBUG  ]  File ignored by hicexplorer because it exceeded search pattern filesize limit: BC-0345798087.raw__raw_reads.read_1_fastqc.html
[2020-11-22 22:48:43,966] multiqc                                            [DEBUG  ]  File ignored by longranger/invocation because it exceeded search pattern filesize limit: BC-0345798087.raw__raw_reads.read_1_fastqc.html
[2020-11-22 22:48:43,966] multiqc                                            [DEBUG  ]  File ignored by rockhopper because it exceeded search pattern filesize limit: BC-0345798087.raw__raw_reads.read_1_fastqc.html
[2020-11-22 22:48:43,966] multiqc                                            [DEBUG  ]  File ignored by rseqc/bam_stat because it exceeded search pattern filesize limit: BC-0345798087.raw__raw_reads.read_1_fastqc.html
[2020-11-22 22:48:43,966] multiqc                                            [DEBUG  ]  File ignored by rseqc/junction_annotation because it exceeded search pattern filesize limit: BC-0345798087.raw__raw_reads.read_1_fastqc.html
[2020-11-22 22:48:43,966] multiqc                                            [DEBUG  ]  File ignored by rseqc/read_distribution because it exceeded search pattern filesize limit: BC-0345798087.raw__raw_reads.read_1_fastqc.html
[2020-11-22 22:48:43,966] multiqc                                            [DEBUG  ]  File ignored by rseqc/infer_experiment because it exceeded search pattern filesize limit: BC-0345798087.raw__raw_reads.read_1_fastqc.html
[2020-11-22 22:48:44,107] multiqc                                            [DEBUG  ]  File ignored by hicexplorer because it exceeded search pattern filesize limit: BC-0345798087.raw__raw_reads.read_2_fastqc.html
[2020-11-22 22:48:44,111] multiqc                                            [DEBUG  ]  File ignored by longranger/invocation because it exceeded search pattern filesize limit: BC-0345798087.raw__raw_reads.read_2_fastqc.html
[2020-11-22 22:48:44,111] multiqc                                            [DEBUG  ]  File ignored by rockhopper because it exceeded search pattern filesize limit: BC-0345798087.raw__raw_reads.read_2_fastqc.html
[2020-11-22 22:48:44,111] multiqc                                            [DEBUG  ]  File ignored by rseqc/bam_stat because it exceeded search pattern filesize limit: BC-0345798087.raw__raw_reads.read_2_fastqc.html
[2020-11-22 22:48:44,111] multiqc                                            [DEBUG  ]  File ignored by rseqc/junction_annotation because it exceeded search pattern filesize limit: BC-0345798087.raw__raw_reads.read_2_fastqc.html
[2020-11-22 22:48:44,111] multiqc                                            [DEBUG  ]  File ignored by rseqc/read_distribution because it exceeded search pattern filesize limit: BC-0345798087.raw__raw_reads.read_2_fastqc.html
[2020-11-22 22:48:44,111] multiqc                                            [DEBUG  ]  File ignored by rseqc/infer_experiment because it exceeded search pattern filesize limit: BC-0345798087.raw__raw_reads.read_2_fastqc.html
[2020-11-22 22:48:44,252] multiqc                                            [DEBUG  ]  File ignored by hicexplorer because it exceeded search pattern filesize limit: BC-0345798943.raw__raw_reads.read_1_fastqc.html
[2020-11-22 22:48:44,256] multiqc                                            [DEBUG  ]  File ignored by longranger/invocation because it exceeded search pattern filesize limit: BC-0345798943.raw__raw_reads.read_1_fastqc.html
[2020-11-22 22:48:44,256] multiqc                                            [DEBUG  ]  File ignored by rockhopper because it exceeded search pattern filesize limit: BC-0345798943.raw__raw_reads.read_1_fastqc.html
[2020-11-22 22:48:44,256] multiqc                                            [DEBUG  ]  File ignored by rseqc/bam_stat because it exceeded search pattern filesize limit: BC-0345798943.raw__raw_reads.read_1_fastqc.html
[2020-11-22 22:48:44,256] multiqc                                            [DEBUG  ]  File ignored by rseqc/junction_annotation because it exceeded search pattern filesize limit: BC-0345798943.raw__raw_reads.read_1_fastqc.html
[2020-11-22 22:48:44,256] multiqc                                            [DEBUG  ]  File ignored by rseqc/read_distribution because it exceeded search pattern filesize limit: BC-0345798943.raw__raw_reads.read_1_fastqc.html
[2020-11-22 22:48:44,256] multiqc                                            [DEBUG  ]  File ignored by rseqc/infer_experiment because it exceeded search pattern filesize limit: BC-0345798943.raw__raw_reads.read_1_fastqc.html
[2020-11-22 22:48:44,399] multiqc                                            [DEBUG  ]  File ignored by hicexplorer because it exceeded search pattern filesize limit: BC-0345798943.raw__raw_reads.read_2_fastqc.html
[2020-11-22 22:48:44,402] multiqc                                            [DEBUG  ]  File ignored by longranger/invocation because it exceeded search pattern filesize limit: BC-0345798943.raw__raw_reads.read_2_fastqc.html
[2020-11-22 22:48:44,402] multiqc                                            [DEBUG  ]  File ignored by rockhopper because it exceeded search pattern filesize limit: BC-0345798943.raw__raw_reads.read_2_fastqc.html
[2020-11-22 22:48:44,402] multiqc                                            [DEBUG  ]  File ignored by rseqc/bam_stat because it exceeded search pattern filesize limit: BC-0345798943.raw__raw_reads.read_2_fastqc.html
[2020-11-22 22:48:44,402] multiqc                                            [DEBUG  ]  File ignored by rseqc/junction_annotation because it exceeded search pattern filesize limit: BC-0345798943.raw__raw_reads.read_2_fastqc.html
[2020-11-22 22:48:44,403] multiqc                                            [DEBUG  ]  File ignored by rseqc/read_distribution because it exceeded search pattern filesize limit: BC-0345798943.raw__raw_reads.read_2_fastqc.html
[2020-11-22 22:48:44,403] multiqc                                            [DEBUG  ]  File ignored by rseqc/infer_experiment because it exceeded search pattern filesize limit: BC-0345798943.raw__raw_reads.read_2_fastqc.html
[2020-11-22 22:48:44,542] multiqc                                            [DEBUG  ]  File ignored by hicexplorer because it exceeded search pattern filesize limit: BC-0345799013.raw__raw_reads.read_1_fastqc.html
[2020-11-22 22:48:44,545] multiqc                                            [DEBUG  ]  File ignored by longranger/invocation because it exceeded search pattern filesize limit: BC-0345799013.raw__raw_reads.read_1_fastqc.html
[2020-11-22 22:48:44,545] multiqc                                            [DEBUG  ]  File ignored by rockhopper because it exceeded search pattern filesize limit: BC-0345799013.raw__raw_reads.read_1_fastqc.html
[2020-11-22 22:48:44,545] multiqc                                            [DEBUG  ]  File ignored by rseqc/bam_stat because it exceeded search pattern filesize limit: BC-0345799013.raw__raw_reads.read_1_fastqc.html
[2020-11-22 22:48:44,545] multiqc                                            [DEBUG  ]  File ignored by rseqc/junction_annotation because it exceeded search pattern filesize limit: BC-0345799013.raw__raw_reads.read_1_fastqc.html
[2020-11-22 22:48:44,545] multiqc                                            [DEBUG  ]  File ignored by rseqc/read_distribution because it exceeded search pattern filesize limit: BC-0345799013.raw__raw_reads.read_1_fastqc.html
[2020-11-22 22:48:44,545] multiqc                                            [DEBUG  ]  File ignored by rseqc/infer_experiment because it exceeded search pattern filesize limit: BC-0345799013.raw__raw_reads.read_1_fastqc.html
[2020-11-22 22:48:44,692] multiqc                                            [DEBUG  ]  File ignored by hicexplorer because it exceeded search pattern filesize limit: BC-0345799013.raw__raw_reads.read_2_fastqc.html
[2020-11-22 22:48:44,696] multiqc                                            [DEBUG  ]  File ignored by longranger/invocation because it exceeded search pattern filesize limit: BC-0345799013.raw__raw_reads.read_2_fastqc.html
[2020-11-22 22:48:44,696] multiqc                                            [DEBUG  ]  File ignored by rockhopper because it exceeded search pattern filesize limit: BC-0345799013.raw__raw_reads.read_2_fastqc.html
[2020-11-22 22:48:44,696] multiqc                                            [DEBUG  ]  File ignored by rseqc/bam_stat because it exceeded search pattern filesize limit: BC-0345799013.raw__raw_reads.read_2_fastqc.html
[2020-11-22 22:48:44,696] multiqc                                            [DEBUG  ]  File ignored by rseqc/junction_annotation because it exceeded search pattern filesize limit: BC-0345799013.raw__raw_reads.read_2_fastqc.html
[2020-11-22 22:48:44,696] multiqc                                            [DEBUG  ]  File ignored by rseqc/read_distribution because it exceeded search pattern filesize limit: BC-0345799013.raw__raw_reads.read_2_fastqc.html
[2020-11-22 22:48:44,696] multiqc                                            [DEBUG  ]  File ignored by rseqc/infer_experiment because it exceeded search pattern filesize limit: BC-0345799013.raw__raw_reads.read_2_fastqc.html
[2020-11-22 22:48:44,848] multiqc                                            [DEBUG  ]  File ignored by hicexplorer because it exceeded search pattern filesize limit: BC-0361053718.raw__raw_reads.read_1_fastqc.html
[2020-11-22 22:48:44,852] multiqc                                            [DEBUG  ]  File ignored by longranger/invocation because it exceeded search pattern filesize limit: BC-0361053718.raw__raw_reads.read_1_fastqc.html
[2020-11-22 22:48:44,852] multiqc                                            [DEBUG  ]  File ignored by rockhopper because it exceeded search pattern filesize limit: BC-0361053718.raw__raw_reads.read_1_fastqc.html
[2020-11-22 22:48:44,852] multiqc                                            [DEBUG  ]  File ignored by rseqc/bam_stat because it exceeded search pattern filesize limit: BC-0361053718.raw__raw_reads.read_1_fastqc.html
[2020-11-22 22:48:44,852] multiqc                                            [DEBUG  ]  File ignored by rseqc/junction_annotation because it exceeded search pattern filesize limit: BC-0361053718.raw__raw_reads.read_1_fastqc.html
[2020-11-22 22:48:44,852] multiqc                                            [DEBUG  ]  File ignored by rseqc/read_distribution because it exceeded search pattern filesize limit: BC-0361053718.raw__raw_reads.read_1_fastqc.html
[2020-11-22 22:48:44,852] multiqc                                            [DEBUG  ]  File ignored by rseqc/infer_experiment because it exceeded search pattern filesize limit: BC-0361053718.raw__raw_reads.read_1_fastqc.html
[2020-11-22 22:48:44,994] multiqc                                            [DEBUG  ]  File ignored by hicexplorer because it exceeded search pattern filesize limit: BC-0361053718.raw__raw_reads.read_2_fastqc.html
[2020-11-22 22:48:44,997] multiqc                                            [DEBUG  ]  File ignored by longranger/invocation because it exceeded search pattern filesize limit: BC-0361053718.raw__raw_reads.read_2_fastqc.html
[2020-11-22 22:48:44,997] multiqc                                            [DEBUG  ]  File ignored by rockhopper because it exceeded search pattern filesize limit: BC-0361053718.raw__raw_reads.read_2_fastqc.html
[2020-11-22 22:48:44,997] multiqc                                            [DEBUG  ]  File ignored by rseqc/bam_stat because it exceeded search pattern filesize limit: BC-0361053718.raw__raw_reads.read_2_fastqc.html
[2020-11-22 22:48:44,997] multiqc                                            [DEBUG  ]  File ignored by rseqc/junction_annotation because it exceeded search pattern filesize limit: BC-0361053718.raw__raw_reads.read_2_fastqc.html
[2020-11-22 22:48:44,997] multiqc                                            [DEBUG  ]  File ignored by rseqc/read_distribution because it exceeded search pattern filesize limit: BC-0361053718.raw__raw_reads.read_2_fastqc.html
[2020-11-22 22:48:44,997] multiqc                                            [DEBUG  ]  File ignored by rseqc/infer_experiment because it exceeded search pattern filesize limit: BC-0361053718.raw__raw_reads.read_2_fastqc.html
[2020-11-22 22:48:45,140] multiqc                                            [DEBUG  ]  File ignored by hicexplorer because it exceeded search pattern filesize limit: BC-0361053744.raw__raw_reads.read_1_fastqc.html
[2020-11-22 22:48:45,143] multiqc                                            [DEBUG  ]  File ignored by longranger/invocation because it exceeded search pattern filesize limit: BC-0361053744.raw__raw_reads.read_1_fastqc.html
[2020-11-22 22:48:45,143] multiqc                                            [DEBUG  ]  File ignored by rockhopper because it exceeded search pattern filesize limit: BC-0361053744.raw__raw_reads.read_1_fastqc.html
[2020-11-22 22:48:45,143] multiqc                                            [DEBUG  ]  File ignored by rseqc/bam_stat because it exceeded search pattern filesize limit: BC-0361053744.raw__raw_reads.read_1_fastqc.html
[2020-11-22 22:48:45,143] multiqc                                            [DEBUG  ]  File ignored by rseqc/junction_annotation because it exceeded search pattern filesize limit: BC-0361053744.raw__raw_reads.read_1_fastqc.html
[2020-11-22 22:48:45,143] multiqc                                            [DEBUG  ]  File ignored by rseqc/read_distribution because it exceeded search pattern filesize limit: BC-0361053744.raw__raw_reads.read_1_fastqc.html
[2020-11-22 22:48:45,143] multiqc                                            [DEBUG  ]  File ignored by rseqc/infer_experiment because it exceeded search pattern filesize limit: BC-0361053744.raw__raw_reads.read_1_fastqc.html
[2020-11-22 22:48:45,206] multiqc                                            [DEBUG  ]  File ignored by hicexplorer because it exceeded search pattern filesize limit: BC-0361053744.raw__raw_reads.read_2_fastqc.html
[2020-11-22 22:48:45,209] multiqc                                            [DEBUG  ]  File ignored by longranger/invocation because it exceeded search pattern filesize limit: BC-0361053744.raw__raw_reads.read_2_fastqc.html
[2020-11-22 22:48:45,209] multiqc                                            [DEBUG  ]  File ignored by rockhopper because it exceeded search pattern filesize limit: BC-0361053744.raw__raw_reads.read_2_fastqc.html
[2020-11-22 22:48:45,210] multiqc                                            [DEBUG  ]  File ignored by rseqc/bam_stat because it exceeded search pattern filesize limit: BC-0361053744.raw__raw_reads.read_2_fastqc.html
[2020-11-22 22:48:45,210] multiqc                                            [DEBUG  ]  File ignored by rseqc/junction_annotation because it exceeded search pattern filesize limit: BC-0361053744.raw__raw_reads.read_2_fastqc.html
[2020-11-22 22:48:45,210] multiqc                                            [DEBUG  ]  File ignored by rseqc/read_distribution because it exceeded search pattern filesize limit: BC-0361053744.raw__raw_reads.read_2_fastqc.html
[2020-11-22 22:48:45,210] multiqc                                            [DEBUG  ]  File ignored by rseqc/infer_experiment because it exceeded search pattern filesize limit: BC-0361053744.raw__raw_reads.read_2_fastqc.html
[2020-11-22 22:48:45,272] multiqc                                            [DEBUG  ]  File ignored by hicexplorer because it exceeded search pattern filesize limit: BC-0361057091.raw__raw_reads.read_1_fastqc.html
[2020-11-22 22:48:45,276] multiqc                                            [DEBUG  ]  File ignored by longranger/invocation because it exceeded search pattern filesize limit: BC-0361057091.raw__raw_reads.read_1_fastqc.html
[2020-11-22 22:48:45,276] multiqc                                            [DEBUG  ]  File ignored by rockhopper because it exceeded search pattern filesize limit: BC-0361057091.raw__raw_reads.read_1_fastqc.html
[2020-11-22 22:48:45,276] multiqc                                            [DEBUG  ]  File ignored by rseqc/bam_stat because it exceeded search pattern filesize limit: BC-0361057091.raw__raw_reads.read_1_fastqc.html
[2020-11-22 22:48:45,276] multiqc                                            [DEBUG  ]  File ignored by rseqc/junction_annotation because it exceeded search pattern filesize limit: BC-0361057091.raw__raw_reads.read_1_fastqc.html
[2020-11-22 22:48:45,276] multiqc                                            [DEBUG  ]  File ignored by rseqc/read_distribution because it exceeded search pattern filesize limit: BC-0361057091.raw__raw_reads.read_1_fastqc.html
[2020-11-22 22:48:45,276] multiqc                                            [DEBUG  ]  File ignored by rseqc/infer_experiment because it exceeded search pattern filesize limit: BC-0361057091.raw__raw_reads.read_1_fastqc.html
[2020-11-22 22:48:45,339] multiqc                                            [DEBUG  ]  File ignored by hicexplorer because it exceeded search pattern filesize limit: BC-0361057091.raw__raw_reads.read_2_fastqc.html
[2020-11-22 22:48:45,342] multiqc                                            [DEBUG  ]  File ignored by longranger/invocation because it exceeded search pattern filesize limit: BC-0361057091.raw__raw_reads.read_2_fastqc.html
[2020-11-22 22:48:45,343] multiqc                                            [DEBUG  ]  File ignored by rockhopper because it exceeded search pattern filesize limit: BC-0361057091.raw__raw_reads.read_2_fastqc.html
[2020-11-22 22:48:45,343] multiqc                                            [DEBUG  ]  File ignored by rseqc/bam_stat because it exceeded search pattern filesize limit: BC-0361057091.raw__raw_reads.read_2_fastqc.html
[2020-11-22 22:48:45,343] multiqc                                            [DEBUG  ]  File ignored by rseqc/junction_annotation because it exceeded search pattern filesize limit: BC-0361057091.raw__raw_reads.read_2_fastqc.html
[2020-11-22 22:48:45,343] multiqc                                            [DEBUG  ]  File ignored by rseqc/read_distribution because it exceeded search pattern filesize limit: BC-0361057091.raw__raw_reads.read_2_fastqc.html
[2020-11-22 22:48:45,343] multiqc                                            [DEBUG  ]  File ignored by rseqc/infer_experiment because it exceeded search pattern filesize limit: BC-0361057091.raw__raw_reads.read_2_fastqc.html
[2020-11-22 22:48:46,810] multiqc.plots.bargraph                             [DEBUG  ]  Using matplotlib version 3.3.3
[2020-11-22 22:48:46,816] multiqc.plots.linegraph                            [DEBUG  ]  Using matplotlib version 3.3.3
[2020-11-22 22:48:46,828] multiqc                                            [DEBUG  ]  No samples found: custom_content
[2020-11-22 22:48:46,841] multiqc                                            [DEBUG  ]  No samples found: conpair
[2020-11-22 22:48:46,856] multiqc                                            [DEBUG  ]  No samples found: peddy
[2020-11-22 22:48:46,869] multiqc                                            [DEBUG  ]  No samples found: somalier
[2020-11-22 22:48:46,883] multiqc                                            [DEBUG  ]  No samples found: methylQA
[2020-11-22 22:48:46,914] multiqc                                            [DEBUG  ]  No samples found: mosdepth
[2020-11-22 22:48:46,928] multiqc                                            [DEBUG  ]  No samples found: phantompeakqualtools
[2020-11-22 22:48:46,936] multiqc                                            [DEBUG  ]  No samples found: qualimap
[2020-11-22 22:48:46,950] multiqc                                            [DEBUG  ]  No samples found: preseq
[2020-11-22 22:48:46,964] multiqc                                            [DEBUG  ]  No samples found: quast
[2020-11-22 22:48:46,978] multiqc                                            [DEBUG  ]  No samples found: qorts
[2020-11-22 22:48:46,991] multiqc                                            [DEBUG  ]  No samples found: rna_seqc
[2020-11-22 22:48:47,005] multiqc                                            [DEBUG  ]  No samples found: rockhopper
[2020-11-22 22:48:47,019] multiqc                                            [DEBUG  ]  No samples found: rsem
[2020-11-22 22:48:47,085] multiqc                                            [DEBUG  ]  No samples found: rseqc
[2020-11-22 22:48:47,098] multiqc                                            [DEBUG  ]  No samples found: busco
[2020-11-22 22:48:47,113] multiqc                                            [DEBUG  ]  No samples found: goleft_indexcov
[2020-11-22 22:48:47,127] multiqc                                            [DEBUG  ]  No samples found: disambiguate
[2020-11-22 22:48:47,140] multiqc                                            [DEBUG  ]  No samples found: supernova
[2020-11-22 22:48:47,204] multiqc                                            [DEBUG  ]  No samples found: deeptools
[2020-11-22 22:48:47,331] multiqc                                            [DEBUG  ]  No samples found: sargasso
[2020-11-22 22:48:47,345] multiqc                                            [DEBUG  ]  No samples found: verifybamid
[2020-11-22 22:48:47,358] multiqc                                            [DEBUG  ]  No samples found: mirtrace
[2020-11-22 22:48:47,372] multiqc                                            [DEBUG  ]  No samples found: happy
[2020-11-22 22:48:47,386] multiqc                                            [DEBUG  ]  No samples found: mirtop
[2020-11-22 22:48:47,414] multiqc                                            [DEBUG  ]  No samples found: homer
[2020-11-22 22:48:47,429] multiqc                                            [DEBUG  ]  No samples found: macs2
[2020-11-22 22:48:47,443] multiqc                                            [DEBUG  ]  No samples found: theta2
[2020-11-22 22:48:47,457] multiqc                                            [DEBUG  ]  No samples found: snpeff
[2020-11-22 22:48:47,483] multiqc                                            [DEBUG  ]  No samples found: gatk
[2020-11-22 22:48:47,497] multiqc                                            [DEBUG  ]  No samples found: htseq
[2020-11-22 22:48:47,516] multiqc                                            [DEBUG  ]  No samples found: bcftools
[2020-11-22 22:48:47,530] multiqc                                            [DEBUG  ]  No samples found: featureCounts
[2020-11-22 22:48:47,554] multiqc                                            [DEBUG  ]  No samples found: fgbio
[2020-11-22 22:48:47,622] multiqc                                            [DEBUG  ]  No samples found: dragen
[2020-11-22 22:48:47,636] multiqc                                            [DEBUG  ]  No samples found: dedup
[2020-11-22 22:48:47,649] multiqc                                            [DEBUG  ]  No samples found: damageprofiler
[2020-11-22 22:48:47,773] multiqc                                            [DEBUG  ]  No samples found: biobambam2
[2020-11-22 22:48:47,786] multiqc                                            [DEBUG  ]  No samples found: mtnucratio
[2020-11-22 22:48:47,793] multiqc                                            [DEBUG  ]  No samples found: picard
[2020-11-22 22:48:47,806] multiqc                                            [DEBUG  ]  No samples found: prokka
[2020-11-22 22:48:47,818] multiqc                                            [DEBUG  ]  No samples found: samblaster
[2020-11-22 22:48:47,856] multiqc                                            [DEBUG  ]  No samples found: samtools
[2020-11-22 22:48:47,869] multiqc                                            [DEBUG  ]  No samples found: sexdeterrmine
[2020-11-22 22:48:47,887] multiqc                                            [DEBUG  ]  No samples found: bamtools
[2020-11-22 22:48:47,901] multiqc                                            [DEBUG  ]  No samples found: jellyfish
[2020-11-22 22:48:47,935] multiqc                                            [DEBUG  ]  No samples found: vcftools
[2020-11-22 22:48:47,948] multiqc                                            [DEBUG  ]  No samples found: longranger
[2020-11-22 22:48:47,963] multiqc                                            [DEBUG  ]  No samples found: stacks
[2020-11-22 22:48:47,976] multiqc                                            [DEBUG  ]  No samples found: varscan2
[2020-11-22 22:48:48,063] multiqc                                            [DEBUG  ]  No samples found: bbmap
[2020-11-22 22:48:48,076] multiqc                                            [DEBUG  ]  No samples found: bismark
[2020-11-22 22:48:48,090] multiqc                                            [DEBUG  ]  No samples found: biscuit
[2020-11-22 22:48:48,103] multiqc                                            [DEBUG  ]  No samples found: hicexplorer
[2020-11-22 22:48:48,117] multiqc                                            [DEBUG  ]  No samples found: hicup
[2020-11-22 22:48:48,130] multiqc                                            [DEBUG  ]  No samples found: hicpro
[2020-11-22 22:48:48,143] multiqc                                            [DEBUG  ]  No samples found: salmon
[2020-11-22 22:48:48,157] multiqc                                            [DEBUG  ]  No samples found: kallisto
[2020-11-22 22:48:48,172] multiqc                                            [DEBUG  ]  No samples found: slamdunk
[2020-11-22 22:48:48,186] multiqc                                            [DEBUG  ]  No samples found: star
[2020-11-22 22:48:48,207] multiqc                                            [DEBUG  ]  No samples found: hisat2
[2020-11-22 22:48:48,220] multiqc                                            [DEBUG  ]  No samples found: tophat
[2020-11-22 22:48:48,234] multiqc                                            [DEBUG  ]  No samples found: bowtie2
[2020-11-22 22:48:48,247] multiqc                                            [DEBUG  ]  No samples found: bowtie1
[2020-11-22 22:48:48,260] multiqc                                            [DEBUG  ]  No samples found: snpsplit
[2020-11-22 22:48:48,273] multiqc                                            [DEBUG  ]  No samples found: kat
[2020-11-22 22:48:48,286] multiqc                                            [DEBUG  ]  No samples found: leehom
[2020-11-22 22:48:48,300] multiqc                                            [DEBUG  ]  No samples found: adapterRemoval
[2020-11-22 22:48:48,314] multiqc                                            [DEBUG  ]  No samples found: clipandmerge
[2020-11-22 22:48:48,328] multiqc                                            [DEBUG  ]  No samples found: cutadapt
[2020-11-22 22:48:48,341] multiqc                                            [DEBUG  ]  No samples found: flexbar
[2020-11-22 22:48:48,363] multiqc                                            [DEBUG  ]  No samples found: kaiju
[2020-11-22 22:48:48,376] multiqc                                            [DEBUG  ]  No samples found: kraken
[2020-11-22 22:48:48,390] multiqc                                            [DEBUG  ]  No samples found: malt
[2020-11-22 22:48:48,403] multiqc                                            [DEBUG  ]  No samples found: trimmomatic
[2020-11-22 22:48:48,417] multiqc                                            [DEBUG  ]  No samples found: sickle
[2020-11-22 22:48:48,430] multiqc                                            [DEBUG  ]  No samples found: skewer
[2020-11-22 22:48:48,446] multiqc                                            [DEBUG  ]  No samples found: sortmerna
[2020-11-22 22:48:48,459] multiqc                                            [DEBUG  ]  No samples found: biobloomtools
[2020-11-22 22:48:48,473] multiqc                                            [DEBUG  ]  No samples found: fastq_screen
[2020-11-22 22:48:48,486] multiqc                                            [DEBUG  ]  No samples found: afterqc
[2020-11-22 22:48:48,500] multiqc                                            [DEBUG  ]  No samples found: fastp
[2020-11-22 22:48:53,445] multiqc.modules.fastqc.fastqc                      [INFO   ]  Found 40 reports
[2020-11-22 22:48:53,667] multiqc                                            [DEBUG  ]  No samples found: pycoqc
[2020-11-22 22:48:53,681] multiqc                                            [DEBUG  ]  No samples found: minionqc
[2020-11-22 22:48:53,694] multiqc                                            [DEBUG  ]  No samples found: multivcfanalyzer
[2020-11-22 22:48:53,708] multiqc                                            [DEBUG  ]  No samples found: clusterflow
[2020-11-22 22:48:53,721] multiqc                                            [DEBUG  ]  No samples found: bcl2fastq
[2020-11-22 22:48:53,735] multiqc                                            [DEBUG  ]  No samples found: interop
[2020-11-22 22:48:53,748] multiqc                                            [DEBUG  ]  No samples found: ivar
[2020-11-22 22:48:53,762] multiqc                                            [DEBUG  ]  No samples found: flash
[2020-11-22 22:48:53,776] multiqc                                            [DEBUG  ]  No samples found: seqyclean
[2020-11-22 22:48:53,813] multiqc                                            [INFO   ]  Compressing plot data
[2020-11-22 22:48:54,274] multiqc                                            [INFO   ]  Report      : multiqc_report.html
[2020-11-22 22:48:54,274] multiqc                                            [INFO   ]  Data        : multiqc_data
[2020-11-22 22:48:54,275] multiqc                                            [DEBUG  ]  Moving data file from '/tmp/tmpz4jz_t1z/multiqc_data' to '/mnt/e/Desafio Genomica/multiqc_data'
[2020-11-22 22:48:55,569] multiqc                                            [INFO   ]  MultiQC complete
